{"meta": {"format": 3, "version": "7.8.2", "timestamp": "2025-06-10T10:33:57.642534", "branch_coverage": false, "show_contexts": false}, "files": {"src/on1builder/__init__.py": {"executed_lines": [4, 26, 27, 28, 29, 30, 31, 32, 33, 34, 38, 39, 40, 45, 46, 47, 48, 49, 50, 51, 52, 53, 54, 55, 56, 57, 58, 59, 60, 61, 62, 63, 64, 66], "summary": {"covered_lines": 33, "num_statements": 36, "percent_covered": 91.66666666666667, "percent_covered_display": "92", "missing_lines": 3, "excluded_lines": 0}, "missing_lines": [41, 42, 43], "excluded_lines": [], "functions": {"": {"executed_lines": [4, 26, 27, 28, 29, 30, 31, 32, 33, 34, 38, 39, 40, 45, 46, 47, 48, 49, 50, 51, 52, 53, 54, 55, 56, 57, 58, 59, 60, 61, 62, 63, 64, 66], "summary": {"covered_lines": 33, "num_statements": 36, "percent_covered": 91.66666666666667, "percent_covered_display": "92", "missing_lines": 3, "excluded_lines": 0}, "missing_lines": [41, 42, 43], "excluded_lines": []}}, "classes": {"": {"executed_lines": [4, 26, 27, 28, 29, 30, 31, 32, 33, 34, 38, 39, 40, 45, 46, 47, 48, 49, 50, 51, 52, 53, 54, 55, 56, 57, 58, 59, 60, 61, 62, 63, 64, 66], "summary": {"covered_lines": 33, "num_statements": 36, "percent_covered": 91.66666666666667, "percent_covered_display": "92", "missing_lines": 3, "excluded_lines": 0}, "missing_lines": [41, 42, 43], "excluded_lines": []}}}, "src/on1builder/__main__.py": {"executed_lines": [4, 14, 16, 17, 18, 20, 23, 24, 25, 26, 29, 37, 38, 39, 42, 43, 52, 53, 54, 57, 58, 63, 65, 66, 69, 70, 72, 74, 75, 78, 80, 81, 82, 83, 84, 85, 86, 87, 88, 89, 92], "summary": {"covered_lines": 39, "num_statements": 39, "percent_covered": 100.0, "percent_covered_display": "100", "missing_lines": 0, "excluded_lines": 2}, "missing_lines": [], "excluded_lines": [92, 93], "functions": {"main": {"executed_lines": [52, 53, 54, 57, 58, 63, 65, 66], "summary": {"covered_lines": 8, "num_statements": 8, "percent_covered": 100.0, "percent_covered_display": "100", "missing_lines": 0, "excluded_lines": 0}, "missing_lines": [], "excluded_lines": []}, "version": {"executed_lines": [72, 74, 75], "summary": {"covered_lines": 3, "num_statements": 3, "percent_covered": 100.0, "percent_covered_display": "100", "missing_lines": 0, "excluded_lines": 0}, "missing_lines": [], "excluded_lines": []}, "cli": {"executed_lines": [80, 81, 82, 83, 84, 85, 86, 87, 88, 89], "summary": {"covered_lines": 10, "num_statements": 10, "percent_covered": 100.0, "percent_covered_display": "100", "missing_lines": 0, "excluded_lines": 0}, "missing_lines": [], "excluded_lines": []}, "": {"executed_lines": [4, 14, 16, 17, 18, 20, 23, 24, 25, 26, 29, 37, 38, 39, 42, 43, 69, 70, 78, 92], "summary": {"covered_lines": 18, "num_statements": 18, "percent_covered": 100.0, "percent_covered_display": "100", "missing_lines": 0, "excluded_lines": 2}, "missing_lines": [], "excluded_lines": [92, 93]}}, "classes": {"": {"executed_lines": [4, 14, 16, 17, 18, 20, 23, 24, 25, 26, 29, 37, 38, 39, 42, 43, 52, 53, 54, 57, 58, 63, 65, 66, 69, 70, 72, 74, 75, 78, 80, 81, 82, 83, 84, 85, 86, 87, 88, 89, 92], "summary": {"covered_lines": 39, "num_statements": 39, "percent_covered": 100.0, "percent_covered_display": "100", "missing_lines": 0, "excluded_lines": 2}, "missing_lines": [], "excluded_lines": [92, 93]}}}, "src/on1builder/cli/__init__.py": {"executed_lines": [1, 5, 6, 7, 9], "summary": {"covered_lines": 4, "num_statements": 4, "percent_covered": 100.0, "percent_covered_display": "100", "missing_lines": 0, "excluded_lines": 0}, "missing_lines": [], "excluded_lines": [], "functions": {"": {"executed_lines": [1, 5, 6, 7, 9], "summary": {"covered_lines": 4, "num_statements": 4, "percent_covered": 100.0, "percent_covered_display": "100", "missing_lines": 0, "excluded_lines": 0}, "missing_lines": [], "excluded_lines": []}}, "classes": {"": {"executed_lines": [1, 5, 6, 7, 9], "summary": {"covered_lines": 4, "num_statements": 4, "percent_covered": 100.0, "percent_covered_display": "100", "missing_lines": 0, "excluded_lines": 0}, "missing_lines": [], "excluded_lines": []}}}, "src/on1builder/cli/config_cmd.py": {"executed_lines": [4, 14, 16, 17, 19, 20, 22, 24, 25, 28, 30, 31, 32, 33, 34, 37, 38, 61, 63, 65, 73, 82, 85, 103, 111, 112, 113, 114, 116, 117, 118, 119, 121, 123, 124, 125, 126, 129, 130, 148], "summary": {"covered_lines": 38, "num_statements": 66, "percent_covered": 57.57575757575758, "percent_covered_display": "58", "missing_lines": 28, "excluded_lines": 2}, "missing_lines": [66, 70, 74, 75, 76, 80, 87, 88, 89, 91, 92, 93, 94, 97, 98, 99, 100, 105, 106, 107, 108, 139, 140, 141, 142, 143, 144, 145], "excluded_lines": [148, 149], "functions": {"_load_yaml": {"executed_lines": [30, 31, 32, 33, 34], "summary": {"covered_lines": 5, "num_statements": 5, "percent_covered": 100.0, "percent_covered_display": "100", "missing_lines": 0, "excluded_lines": 0}, "missing_lines": [], "excluded_lines": []}, "validate_command": {"executed_lines": [61, 63, 65, 73, 82, 85, 103, 111, 112, 113, 114, 116, 117, 118, 119, 121, 123, 124, 125, 126], "summary": {"covered_lines": 20, "num_statements": 41, "percent_covered": 48.78048780487805, "percent_covered_display": "49", "missing_lines": 21, "excluded_lines": 0}, "missing_lines": [66, 70, 74, 75, 76, 80, 87, 88, 89, 91, 92, 93, 94, 97, 98, 99, 100, 105, 106, 107, 108], "excluded_lines": []}, "show_command": {"executed_lines": [], "summary": {"covered_lines": 0, "num_statements": 7, "percent_covered": 0.0, "percent_covered_display": "0", "missing_lines": 7, "excluded_lines": 0}, "missing_lines": [139, 140, 141, 142, 143, 144, 145], "excluded_lines": []}, "": {"executed_lines": [4, 14, 16, 17, 19, 20, 22, 24, 25, 28, 37, 38, 129, 130, 148], "summary": {"covered_lines": 13, "num_statements": 13, "percent_covered": 100.0, "percent_covered_display": "100", "missing_lines": 0, "excluded_lines": 2}, "missing_lines": [], "excluded_lines": [148, 149]}}, "classes": {"": {"executed_lines": [4, 14, 16, 17, 19, 20, 22, 24, 25, 28, 30, 31, 32, 33, 34, 37, 38, 61, 63, 65, 73, 82, 85, 103, 111, 112, 113, 114, 116, 117, 118, 119, 121, 123, 124, 125, 126, 129, 130, 148], "summary": {"covered_lines": 38, "num_statements": 66, "percent_covered": 57.57575757575758, "percent_covered_display": "58", "missing_lines": 28, "excluded_lines": 2}, "missing_lines": [66, 70, 74, 75, 76, 80, 87, 88, 89, 91, 92, 93, 94, 97, 98, 99, 100, 105, 106, 107, 108, 139, 140, 141, 142, 143, 144, 145], "excluded_lines": [148, 149]}}}, "src/on1builder/cli/run_cmd.py": {"executed_lines": [1, 5, 6, 8, 10, 11, 13, 15, 18, 19, 27, 31, 33, 36, 37, 39, 41, 43, 46, 54], "summary": {"covered_lines": 18, "num_statements": 22, "percent_covered": 81.81818181818181, "percent_covered_display": "82", "missing_lines": 4, "excluded_lines": 2}, "missing_lines": [48, 49, 50, 51], "excluded_lines": [54, 55], "functions": {"run": {"executed_lines": [27, 31, 33, 36, 37, 39, 41, 43, 46], "summary": {"covered_lines": 9, "num_statements": 13, "percent_covered": 69.23076923076923, "percent_covered_display": "69", "missing_lines": 4, "excluded_lines": 0}, "missing_lines": [48, 49, 50, 51], "excluded_lines": []}, "": {"executed_lines": [1, 5, 6, 8, 10, 11, 13, 15, 18, 19, 54], "summary": {"covered_lines": 9, "num_statements": 9, "percent_covered": 100.0, "percent_covered_display": "100", "missing_lines": 0, "excluded_lines": 2}, "missing_lines": [], "excluded_lines": [54, 55]}}, "classes": {"": {"executed_lines": [1, 5, 6, 8, 10, 11, 13, 15, 18, 19, 27, 31, 33, 36, 37, 39, 41, 43, 46, 54], "summary": {"covered_lines": 18, "num_statements": 22, "percent_covered": 81.81818181818181, "percent_covered_display": "82", "missing_lines": 4, "excluded_lines": 2}, "missing_lines": [48, 49, 50, 51], "excluded_lines": [54, 55]}}}, "src/on1builder/cli/status_cmd.py": {"executed_lines": [1, 5, 7, 9, 10, 11, 13, 15, 18, 19, 28, 30, 32, 34, 37, 38, 39, 40, 41, 44, 45, 46, 52, 53, 56, 58, 66], "summary": {"covered_lines": 25, "num_statements": 31, "percent_covered": 80.64516129032258, "percent_covered_display": "81", "missing_lines": 6, "excluded_lines": 2}, "missing_lines": [49, 54, 60, 61, 62, 63], "excluded_lines": [66, 67], "functions": {"status": {"executed_lines": [28, 30, 32, 34, 37, 38, 39, 40, 41, 44, 45, 46, 52, 53, 56, 58], "summary": {"covered_lines": 16, "num_statements": 22, "percent_covered": 72.72727272727273, "percent_covered_display": "73", "missing_lines": 6, "excluded_lines": 0}, "missing_lines": [49, 54, 60, 61, 62, 63], "excluded_lines": []}, "": {"executed_lines": [1, 5, 7, 9, 10, 11, 13, 15, 18, 19, 66], "summary": {"covered_lines": 9, "num_statements": 9, "percent_covered": 100.0, "percent_covered_display": "100", "missing_lines": 0, "excluded_lines": 2}, "missing_lines": [], "excluded_lines": [66, 67]}}, "classes": {"": {"executed_lines": [1, 5, 7, 9, 10, 11, 13, 15, 18, 19, 28, 30, 32, 34, 37, 38, 39, 40, 41, 44, 45, 46, 52, 53, 56, 58, 66], "summary": {"covered_lines": 25, "num_statements": 31, "percent_covered": 80.64516129032258, "percent_covered_display": "81", "missing_lines": 6, "excluded_lines": 2}, "missing_lines": [49, 54, 60, 61, 62, 63], "excluded_lines": [66, 67]}}}, "src/on1builder/config/__init__.py": {"executed_lines": [1, 10, 11, 13], "summary": {"covered_lines": 3, "num_statements": 3, "percent_covered": 100.0, "percent_covered_display": "100", "missing_lines": 0, "excluded_lines": 0}, "missing_lines": [], "excluded_lines": [], "functions": {"": {"executed_lines": [1, 10, 11, 13], "summary": {"covered_lines": 3, "num_statements": 3, "percent_covered": 100.0, "percent_covered_display": "100", "missing_lines": 0, "excluded_lines": 0}, "missing_lines": [], "excluded_lines": []}}, "classes": {"": {"executed_lines": [1, 10, 11, 13], "summary": {"covered_lines": 3, "num_statements": 3, "percent_covered": 100.0, "percent_covered_display": "100", "missing_lines": 0, "excluded_lines": 0}, "missing_lines": [], "excluded_lines": []}}}, "src/on1builder/config/loaders.py": {"executed_lines": [1, 5, 6, 7, 9, 11, 12, 14, 17, 18, 20, 21, 24, 26, 30, 33, 34, 35, 38, 39, 40, 41, 43, 44, 47, 50, 52, 54, 60, 61, 63, 66, 67, 68, 71, 72, 73, 75, 76, 79, 82, 84, 86, 89, 91, 92, 96, 97, 99, 101, 103, 104, 105, 106, 107, 108, 109, 110, 112, 114, 117, 143, 144, 156, 157, 158, 159, 160, 161, 162, 163, 164, 167, 168, 169, 170, 171, 173, 176, 177, 179, 181, 182, 187, 188, 189, 190, 191, 193, 194, 196, 200, 203, 206, 207, 208, 211, 224, 226, 228, 229, 232, 233, 234, 236, 240, 242, 243, 245, 251, 253, 254, 257, 259, 260, 263, 265, 266], "summary": {"covered_lines": 116, "num_statements": 119, "percent_covered": 97.47899159663865, "percent_covered_display": "97", "missing_lines": 3, "excluded_lines": 0}, "missing_lines": [165, 237, 238], "excluded_lines": [], "functions": {"ConfigLoader.__init__": {"executed_lines": [21, 24], "summary": {"covered_lines": 2, "num_statements": 2, "percent_covered": 100.0, "percent_covered_display": "100", "missing_lines": 0, "excluded_lines": 0}, "missing_lines": [], "excluded_lines": []}, "ConfigLoader.load_global_config": {"executed_lines": [30, 33, 34, 35, 38, 39, 40, 41, 43, 44, 47, 50, 52], "summary": {"covered_lines": 13, "num_statements": 13, "percent_covered": 100.0, "percent_covered_display": "100", "missing_lines": 0, "excluded_lines": 0}, "missing_lines": [], "excluded_lines": []}, "ConfigLoader.load_multi_chain_config": {"executed_lines": [60, 61, 63, 66, 67, 68, 71, 72, 73, 75, 76, 79, 82, 84], "summary": {"covered_lines": 14, "num_statements": 14, "percent_covered": 100.0, "percent_covered_display": "100", "missing_lines": 0, "excluded_lines": 0}, "missing_lines": [], "excluded_lines": []}, "ConfigLoader.load_chain_config": {"executed_lines": [89, 91, 92, 96, 97, 99], "summary": {"covered_lines": 6, "num_statements": 6, "percent_covered": 100.0, "percent_covered_display": "100", "missing_lines": 0, "excluded_lines": 0}, "missing_lines": [], "excluded_lines": []}, "ConfigLoader._load_yaml": {"executed_lines": [103, 104, 105, 106, 107, 108, 109, 110], "summary": {"covered_lines": 8, "num_statements": 8, "percent_covered": 100.0, "percent_covered_display": "100", "missing_lines": 0, "excluded_lines": 0}, "missing_lines": [], "excluded_lines": []}, "ConfigLoader._load_from_env": {"executed_lines": [114, 117, 143, 144, 156, 157, 158, 159, 160, 161, 162, 163, 164, 167, 168, 169, 170, 171, 173, 176, 177, 179, 181, 182, 187, 188, 189, 190, 191, 193, 194, 196], "summary": {"covered_lines": 32, "num_statements": 33, "percent_covered": 96.96969696969697, "percent_covered_display": "97", "missing_lines": 1, "excluded_lines": 0}, "missing_lines": [165], "excluded_lines": []}, "get_config_loader": {"executed_lines": [206, 207, 208], "summary": {"covered_lines": 3, "num_statements": 3, "percent_covered": 100.0, "percent_covered_display": "100", "missing_lines": 0, "excluded_lines": 0}, "missing_lines": [], "excluded_lines": []}, "load_configuration": {"executed_lines": [224, 226, 228, 229, 232, 233, 234, 236, 240, 242, 243, 245], "summary": {"covered_lines": 12, "num_statements": 14, "percent_covered": 85.71428571428571, "percent_covered_display": "86", "missing_lines": 2, "excluded_lines": 0}, "missing_lines": [237, 238], "excluded_lines": []}, "load_global_settings": {"executed_lines": [253, 254], "summary": {"covered_lines": 2, "num_statements": 2, "percent_covered": 100.0, "percent_covered_display": "100", "missing_lines": 0, "excluded_lines": 0}, "missing_lines": [], "excluded_lines": []}, "load_multi_chain_settings": {"executed_lines": [259, 260], "summary": {"covered_lines": 2, "num_statements": 2, "percent_covered": 100.0, "percent_covered_display": "100", "missing_lines": 0, "excluded_lines": 0}, "missing_lines": [], "excluded_lines": []}, "load_chain_settings": {"executed_lines": [265, 266], "summary": {"covered_lines": 2, "num_statements": 2, "percent_covered": 100.0, "percent_covered_display": "100", "missing_lines": 0, "excluded_lines": 0}, "missing_lines": [], "excluded_lines": []}, "": {"executed_lines": [1, 5, 6, 7, 9, 11, 12, 14, 17, 18, 20, 26, 54, 86, 101, 112, 200, 203, 211, 251, 257, 263], "summary": {"covered_lines": 20, "num_statements": 20, "percent_covered": 100.0, "percent_covered_display": "100", "missing_lines": 0, "excluded_lines": 0}, "missing_lines": [], "excluded_lines": []}}, "classes": {"ConfigLoader": {"executed_lines": [21, 24, 30, 33, 34, 35, 38, 39, 40, 41, 43, 44, 47, 50, 52, 60, 61, 63, 66, 67, 68, 71, 72, 73, 75, 76, 79, 82, 84, 89, 91, 92, 96, 97, 99, 103, 104, 105, 106, 107, 108, 109, 110, 114, 117, 143, 144, 156, 157, 158, 159, 160, 161, 162, 163, 164, 167, 168, 169, 170, 171, 173, 176, 177, 179, 181, 182, 187, 188, 189, 190, 191, 193, 194, 196], "summary": {"covered_lines": 75, "num_statements": 76, "percent_covered": 98.6842105263158, "percent_covered_display": "99", "missing_lines": 1, "excluded_lines": 0}, "missing_lines": [165], "excluded_lines": []}, "": {"executed_lines": [1, 5, 6, 7, 9, 11, 12, 14, 17, 18, 20, 26, 54, 86, 101, 112, 200, 203, 206, 207, 208, 211, 224, 226, 228, 229, 232, 233, 234, 236, 240, 242, 243, 245, 251, 253, 254, 257, 259, 260, 263, 265, 266], "summary": {"covered_lines": 41, "num_statements": 43, "percent_covered": 95.34883720930233, "percent_covered_display": "95", "missing_lines": 2, "excluded_lines": 0}, "missing_lines": [237, 238], "excluded_lines": []}}}, "src/on1builder/config/settings.py": {"executed_lines": [1, 5, 6, 8, 11, 12, 14, 16, 17, 18, 19, 20, 21, 22, 23, 26, 27, 29, 31, 32, 33, 34, 35, 36, 37, 38, 41, 42, 44, 47, 50, 55, 56, 59, 60, 63, 64, 65, 68, 69, 72, 73, 74, 77, 78, 79, 82, 83, 84, 85, 86, 87, 90, 91, 92, 93, 94, 95, 96, 99, 100, 103, 104, 105, 106, 107, 108, 109, 110, 113, 114, 115, 116, 119, 120, 123, 126, 129, 130, 131, 132, 135, 138, 141, 144, 145, 147, 149], "summary": {"covered_lines": 83, "num_statements": 86, "percent_covered": 96.51162790697674, "percent_covered_display": "97", "missing_lines": 3, "excluded_lines": 0}, "missing_lines": [151, 152, 153], "excluded_lines": [], "functions": {"MultiChainSettings.get_chain_config": {"executed_lines": [], "summary": {"covered_lines": 0, "num_statements": 3, "percent_covered": 0.0, "percent_covered_display": "0", "missing_lines": 3, "excluded_lines": 0}, "missing_lines": [151, 152, 153], "excluded_lines": []}, "": {"executed_lines": [1, 5, 6, 8, 11, 12, 14, 16, 17, 18, 19, 20, 21, 22, 23, 26, 27, 29, 31, 32, 33, 34, 35, 36, 37, 38, 41, 42, 44, 47, 50, 55, 56, 59, 60, 63, 64, 65, 68, 69, 72, 73, 74, 77, 78, 79, 82, 83, 84, 85, 86, 87, 90, 91, 92, 93, 94, 95, 96, 99, 100, 103, 104, 105, 106, 107, 108, 109, 110, 113, 114, 115, 116, 119, 120, 123, 126, 129, 130, 131, 132, 135, 138, 141, 144, 145, 147, 149], "summary": {"covered_lines": 83, "num_statements": 83, "percent_covered": 100.0, "percent_covered_display": "100", "missing_lines": 0, "excluded_lines": 0}, "missing_lines": [], "excluded_lines": []}}, "classes": {"APISettings": {"executed_lines": [], "summary": {"covered_lines": 0, "num_statements": 0, "percent_covered": 100.0, "percent_covered_display": "100", "missing_lines": 0, "excluded_lines": 0}, "missing_lines": [], "excluded_lines": []}, "ChainSettings": {"executed_lines": [], "summary": {"covered_lines": 0, "num_statements": 0, "percent_covered": 100.0, "percent_covered_display": "100", "missing_lines": 0, "excluded_lines": 0}, "missing_lines": [], "excluded_lines": []}, "GlobalSettings": {"executed_lines": [], "summary": {"covered_lines": 0, "num_statements": 0, "percent_covered": 100.0, "percent_covered_display": "100", "missing_lines": 0, "excluded_lines": 0}, "missing_lines": [], "excluded_lines": []}, "MultiChainSettings": {"executed_lines": [], "summary": {"covered_lines": 0, "num_statements": 3, "percent_covered": 0.0, "percent_covered_display": "0", "missing_lines": 3, "excluded_lines": 0}, "missing_lines": [151, 152, 153], "excluded_lines": []}, "": {"executed_lines": [1, 5, 6, 8, 11, 12, 14, 16, 17, 18, 19, 20, 21, 22, 23, 26, 27, 29, 31, 32, 33, 34, 35, 36, 37, 38, 41, 42, 44, 47, 50, 55, 56, 59, 60, 63, 64, 65, 68, 69, 72, 73, 74, 77, 78, 79, 82, 83, 84, 85, 86, 87, 90, 91, 92, 93, 94, 95, 96, 99, 100, 103, 104, 105, 106, 107, 108, 109, 110, 113, 114, 115, 116, 119, 120, 123, 126, 129, 130, 131, 132, 135, 138, 141, 144, 145, 147, 149], "summary": {"covered_lines": 83, "num_statements": 83, "percent_covered": 100.0, "percent_covered_display": "100", "missing_lines": 0, "excluded_lines": 0}, "missing_lines": [], "excluded_lines": []}}}, "src/on1builder/core/__init__.py": {"executed_lines": [1, 5, 6, 7, 8, 9, 11], "summary": {"covered_lines": 6, "num_statements": 6, "percent_covered": 100.0, "percent_covered_display": "100", "missing_lines": 0, "excluded_lines": 0}, "missing_lines": [], "excluded_lines": [], "functions": {"": {"executed_lines": [1, 5, 6, 7, 8, 9, 11], "summary": {"covered_lines": 6, "num_statements": 6, "percent_covered": 100.0, "percent_covered_display": "100", "missing_lines": 0, "excluded_lines": 0}, "missing_lines": [], "excluded_lines": []}}, "classes": {"": {"executed_lines": [1, 5, 6, 7, 8, 9, 11], "summary": {"covered_lines": 6, "num_statements": 6, "percent_covered": 100.0, "percent_covered_display": "100", "missing_lines": 0, "excluded_lines": 0}, "missing_lines": [], "excluded_lines": []}}}, "src/on1builder/core/chain_worker.py": {"executed_lines": [4, 12, 14, 15, 16, 17, 19, 20, 21, 22, 24, 25, 26, 29, 32, 33, 34, 35, 36, 37, 38, 40, 43, 44, 46, 52, 53, 54, 55, 56, 61, 62, 63, 66, 69, 72, 73, 74, 75, 76, 77, 78, 79, 80, 81, 84, 85, 88, 89, 90, 91, 94, 105, 107, 109, 110, 111, 114, 115, 116, 119, 120, 121, 122, 123, 124, 132, 133, 136, 137, 138, 139, 150, 160, 163, 167, 176, 178, 179, 182, 183, 186, 187, 194, 198, 203, 208, 209, 211, 218, 219, 222, 227, 228, 233, 234, 243, 244, 249, 253, 254, 256, 268, 269, 274, 275, 277, 278, 279, 282, 283, 284, 293, 294, 296, 298, 299, 302, 303, 315, 316, 318, 320, 321, 322, 323, 324, 325, 327, 328, 329, 330, 332, 334, 335, 341, 342, 350, 355, 356, 361, 362, 363, 364, 367, 368, 374, 376, 377, 379, 380, 381, 382, 384, 386, 387, 388, 389, 392, 393, 394, 397, 400, 401, 402, 403, 404, 407, 411, 412, 415, 431, 433, 436, 437, 438, 441, 442, 451, 456, 457, 458, 459, 460, 472, 474, 476, 477, 479, 480, 481, 482, 485, 486, 496, 497, 499, 500, 501, 502, 505, 507, 509, 510, 513, 514, 515, 516, 517, 520, 521, 527, 534, 535, 536, 537, 538, 540, 541, 542, 543, 545, 546, 547, 551, 553, 554, 555, 556, 557, 558, 559, 560, 561, 562, 564, 566, 567, 568, 569, 570, 571, 572, 573, 574, 575, 577, 579, 581, 583, 585, 586, 591, 592, 595, 622, 624, 625, 628, 630, 638, 640, 641, 642, 645, 659, 660, 661, 662, 663, 666, 676, 678, 681, 683, 688, 689, 690, 691, 696, 697, 699, 700, 701, 702, 720, 721, 726, 727, 729, 730, 731, 732, 746, 747, 751, 752, 754, 755, 759, 760, 761, 762, 763, 764, 765, 766, 767], "summary": {"covered_lines": 305, "num_statements": 391, "percent_covered": 78.00511508951406, "percent_covered_display": "78", "missing_lines": 86, "excluded_lines": 2}, "missing_lines": [129, 143, 144, 155, 158, 172, 173, 180, 181, 192, 193, 199, 304, 312, 313, 395, 396, 418, 419, 423, 424, 425, 427, 428, 429, 434, 443, 444, 445, 446, 449, 452, 453, 462, 463, 464, 465, 466, 468, 469, 470, 487, 503, 518, 522, 523, 524, 539, 587, 588, 596, 598, 601, 604, 607, 608, 611, 612, 615, 618, 619, 650, 651, 652, 655, 656, 684, 705, 706, 708, 711, 713, 714, 718, 719, 734, 737, 739, 740, 744, 745, 756, 757, 768, 769, 770], "excluded_lines": [29, 30], "functions": {"ChainWorker.__init__": {"executed_lines": [52, 53, 54, 55, 56, 61, 62, 63, 66, 69, 72, 73, 74, 75, 76, 77, 78, 79, 80, 81, 84, 85, 88, 89, 90, 91, 94, 105], "summary": {"covered_lines": 28, "num_statements": 28, "percent_covered": 100.0, "percent_covered_display": "100", "missing_lines": 0, "excluded_lines": 0}, "missing_lines": [], "excluded_lines": []}, "ChainWorker.initialize": {"executed_lines": [109, 110, 111, 114, 115, 116, 119, 120, 121, 122, 123, 124, 132, 133, 136, 137, 138, 139, 150, 160, 163, 167, 176, 178, 179, 182, 183, 186, 187, 194, 198, 203, 208, 209, 211, 218, 219, 222, 227, 228, 233, 234, 243, 244, 249, 253, 254, 256, 268, 269, 274, 275, 277, 278, 279, 282, 283, 284, 293, 294, 296, 298, 299, 302, 303, 315, 316], "summary": {"covered_lines": 67, "num_statements": 82, "percent_covered": 81.70731707317073, "percent_covered_display": "82", "missing_lines": 15, "excluded_lines": 0}, "missing_lines": [129, 143, 144, 155, 158, 172, 173, 180, 181, 192, 193, 199, 304, 312, 313], "excluded_lines": []}, "ChainWorker.start": {"executed_lines": [320, 321, 322, 323, 324, 325, 327, 328, 329, 330, 332, 334, 335, 341, 342, 350, 355, 356, 361, 362, 363, 364, 367, 368], "summary": {"covered_lines": 24, "num_statements": 24, "percent_covered": 100.0, "percent_covered_display": "100", "missing_lines": 0, "excluded_lines": 0}, "missing_lines": [], "excluded_lines": []}, "ChainWorker.stop": {"executed_lines": [376, 377, 379, 380, 381, 382, 384, 386, 387, 388, 389, 392, 393, 394, 397, 400, 401, 402, 403, 404, 407, 411, 412, 415], "summary": {"covered_lines": 24, "num_statements": 34, "percent_covered": 70.58823529411765, "percent_covered_display": "71", "missing_lines": 10, "excluded_lines": 0}, "missing_lines": [395, 396, 418, 419, 423, 424, 425, 427, 428, 429], "excluded_lines": []}, "ChainWorker._stop_component": {"executed_lines": [433, 436, 437, 438, 441, 442, 451, 456, 457, 458, 459, 460, 472], "summary": {"covered_lines": 13, "num_statements": 29, "percent_covered": 44.827586206896555, "percent_covered_display": "45", "missing_lines": 16, "excluded_lines": 0}, "missing_lines": [434, 443, 444, 445, 446, 449, 452, 453, 462, 463, 464, 465, 466, 468, 469, 470], "excluded_lines": []}, "ChainWorker._run_heartbeat": {"executed_lines": [476, 477, 479, 480, 481, 482, 485, 486, 496, 497, 499, 500, 501, 502, 505], "summary": {"covered_lines": 15, "num_statements": 17, "percent_covered": 88.23529411764706, "percent_covered_display": "88", "missing_lines": 2, "excluded_lines": 0}, "missing_lines": [487, 503], "excluded_lines": []}, "ChainWorker._check_component_health": {"executed_lines": [509, 510, 513, 514, 515, 516, 517, 520, 521, 527, 534, 535, 536, 537, 538, 540, 541, 542, 543, 545, 546, 547], "summary": {"covered_lines": 22, "num_statements": 27, "percent_covered": 81.48148148148148, "percent_covered_display": "81", "missing_lines": 5, "excluded_lines": 0}, "missing_lines": [518, 522, 523, 524, 539], "excluded_lines": []}, "ChainWorker.get_wallet_balance": {"executed_lines": [553, 554, 555, 556, 557, 558, 559, 560, 561, 562], "summary": {"covered_lines": 10, "num_statements": 10, "percent_covered": 100.0, "percent_covered_display": "100", "missing_lines": 0, "excluded_lines": 0}, "missing_lines": [], "excluded_lines": []}, "ChainWorker.get_gas_price": {"executed_lines": [566, 567, 568, 569, 570, 571, 572, 573, 574, 575], "summary": {"covered_lines": 10, "num_statements": 10, "percent_covered": 100.0, "percent_covered_display": "100", "missing_lines": 0, "excluded_lines": 0}, "missing_lines": [], "excluded_lines": []}, "ChainWorker._update_metrics": {"executed_lines": [579, 581, 583, 585, 586, 591, 592, 595, 622, 624, 625, 628, 630], "summary": {"covered_lines": 13, "num_statements": 26, "percent_covered": 50.0, "percent_covered_display": "50", "missing_lines": 13, "excluded_lines": 0}, "missing_lines": [587, 588, 596, 598, 601, 604, 607, 608, 611, 612, 615, 618, 619], "excluded_lines": []}, "ChainWorker._init_web3": {"executed_lines": [640, 641, 642, 645, 659, 660, 661, 662, 663, 666, 676, 678, 681, 683, 688, 689, 690, 691, 696, 697, 699, 700, 701, 702, 720, 721, 726, 727, 729, 730, 731, 732, 746, 747, 751, 752], "summary": {"covered_lines": 36, "num_statements": 56, "percent_covered": 64.28571428571429, "percent_covered_display": "64", "missing_lines": 20, "excluded_lines": 0}, "missing_lines": [650, 651, 652, 655, 656, 684, 705, 706, 708, 711, 713, 714, 718, 719, 734, 737, 739, 740, 744, 745], "excluded_lines": []}, "ChainWorker._verify_connection": {"executed_lines": [755, 759, 760, 761, 762, 763, 764, 765, 766, 767], "summary": {"covered_lines": 10, "num_statements": 15, "percent_covered": 66.66666666666667, "percent_covered_display": "67", "missing_lines": 5, "excluded_lines": 0}, "missing_lines": [756, 757, 768, 769, 770], "excluded_lines": []}, "": {"executed_lines": [4, 12, 14, 15, 16, 17, 19, 20, 21, 22, 24, 25, 26, 29, 32, 33, 34, 35, 36, 37, 38, 40, 43, 44, 46, 107, 318, 374, 431, 474, 507, 551, 564, 577, 638, 754], "summary": {"covered_lines": 33, "num_statements": 33, "percent_covered": 100.0, "percent_covered_display": "100", "missing_lines": 0, "excluded_lines": 2}, "missing_lines": [], "excluded_lines": [29, 30]}}, "classes": {"ChainWorker": {"executed_lines": [52, 53, 54, 55, 56, 61, 62, 63, 66, 69, 72, 73, 74, 75, 76, 77, 78, 79, 80, 81, 84, 85, 88, 89, 90, 91, 94, 105, 109, 110, 111, 114, 115, 116, 119, 120, 121, 122, 123, 124, 132, 133, 136, 137, 138, 139, 150, 160, 163, 167, 176, 178, 179, 182, 183, 186, 187, 194, 198, 203, 208, 209, 211, 218, 219, 222, 227, 228, 233, 234, 243, 244, 249, 253, 254, 256, 268, 269, 274, 275, 277, 278, 279, 282, 283, 284, 293, 294, 296, 298, 299, 302, 303, 315, 316, 320, 321, 322, 323, 324, 325, 327, 328, 329, 330, 332, 334, 335, 341, 342, 350, 355, 356, 361, 362, 363, 364, 367, 368, 376, 377, 379, 380, 381, 382, 384, 386, 387, 388, 389, 392, 393, 394, 397, 400, 401, 402, 403, 404, 407, 411, 412, 415, 433, 436, 437, 438, 441, 442, 451, 456, 457, 458, 459, 460, 472, 476, 477, 479, 480, 481, 482, 485, 486, 496, 497, 499, 500, 501, 502, 505, 509, 510, 513, 514, 515, 516, 517, 520, 521, 527, 534, 535, 536, 537, 538, 540, 541, 542, 543, 545, 546, 547, 553, 554, 555, 556, 557, 558, 559, 560, 561, 562, 566, 567, 568, 569, 570, 571, 572, 573, 574, 575, 579, 581, 583, 585, 586, 591, 592, 595, 622, 624, 625, 628, 630, 640, 641, 642, 645, 659, 660, 661, 662, 663, 666, 676, 678, 681, 683, 688, 689, 690, 691, 696, 697, 699, 700, 701, 702, 720, 721, 726, 727, 729, 730, 731, 732, 746, 747, 751, 752, 755, 759, 760, 761, 762, 763, 764, 765, 766, 767], "summary": {"covered_lines": 272, "num_statements": 358, "percent_covered": 75.97765363128492, "percent_covered_display": "76", "missing_lines": 86, "excluded_lines": 0}, "missing_lines": [129, 143, 144, 155, 158, 172, 173, 180, 181, 192, 193, 199, 304, 312, 313, 395, 396, 418, 419, 423, 424, 425, 427, 428, 429, 434, 443, 444, 445, 446, 449, 452, 453, 462, 463, 464, 465, 466, 468, 469, 470, 487, 503, 518, 522, 523, 524, 539, 587, 588, 596, 598, 601, 604, 607, 608, 611, 612, 615, 618, 619, 650, 651, 652, 655, 656, 684, 705, 706, 708, 711, 713, 714, 718, 719, 734, 737, 739, 740, 744, 745, 756, 757, 768, 769, 770], "excluded_lines": []}, "": {"executed_lines": [4, 12, 14, 15, 16, 17, 19, 20, 21, 22, 24, 25, 26, 29, 32, 33, 34, 35, 36, 37, 38, 40, 43, 44, 46, 107, 318, 374, 431, 474, 507, 551, 564, 577, 638, 754], "summary": {"covered_lines": 33, "num_statements": 33, "percent_covered": 100.0, "percent_covered_display": "100", "missing_lines": 0, "excluded_lines": 2}, "missing_lines": [], "excluded_lines": [29, 30]}}}, "src/on1builder/core/main_orchestrator.py": {"executed_lines": [4, 17, 19, 20, 21, 22, 23, 24, 25, 26, 28, 29, 30, 31, 33, 34, 35, 36, 37, 38, 39, 40, 41, 42, 43, 45, 47, 50, 51, 53, 58, 59, 60, 62, 63, 65, 68, 70, 71, 72, 73, 74, 75, 76, 78, 79, 80, 82, 83, 84, 85, 87, 88, 92, 93, 94, 95, 97, 98, 99, 100, 103, 104, 110, 111, 112, 113, 115, 116, 117, 119, 120, 122, 123, 124, 125, 127, 128, 129, 130, 131, 135, 136, 137, 140, 141, 145, 150, 151, 152, 155, 170, 171, 172, 173, 175, 176, 178, 186, 187, 189, 190, 192, 195, 197, 198, 205, 261, 303, 306, 312, 315, 318, 321, 324, 327, 330, 375, 394, 406, 472, 478, 484, 499, 519, 530, 587, 601, 635, 721, 744], "summary": {"covered_lines": 130, "num_statements": 443, "percent_covered": 29.345372460496613, "percent_covered_display": "29", "missing_lines": 313, "excluded_lines": 0}, "missing_lines": [89, 90, 105, 106, 107, 133, 142, 146, 147, 148, 157, 158, 159, 163, 165, 166, 168, 179, 184, 199, 200, 202, 203, 206, 207, 208, 209, 211, 212, 213, 215, 216, 217, 218, 219, 220, 221, 223, 228, 229, 230, 231, 232, 233, 236, 237, 238, 239, 240, 241, 242, 243, 244, 247, 248, 249, 250, 251, 252, 253, 254, 255, 256, 258, 259, 262, 265, 266, 267, 269, 270, 271, 274, 275, 278, 279, 282, 283, 284, 287, 288, 289, 290, 291, 294, 295, 296, 297, 298, 299, 301, 304, 308, 309, 310, 313, 316, 319, 322, 325, 328, 335, 337, 339, 340, 342, 343, 344, 347, 348, 350, 351, 354, 357, 360, 362, 365, 366, 367, 368, 371, 373, 380, 383, 385, 387, 388, 389, 390, 391, 392, 399, 402, 403, 404, 409, 411, 413, 414, 415, 417, 418, 420, 421, 422, 425, 426, 427, 428, 429, 432, 433, 434, 436, 440, 441, 442, 445, 446, 447, 448, 449, 451, 452, 453, 455, 459, 460, 461, 464, 465, 469, 470, 473, 474, 475, 476, 479, 480, 481, 482, 485, 486, 489, 496, 497, 500, 501, 503, 504, 516, 517, 520, 523, 524, 526, 527, 528, 531, 534, 535, 538, 540, 541, 543, 544, 548, 550, 551, 552, 555, 556, 559, 561, 564, 565, 569, 571, 575, 584, 585, 588, 590, 598, 599, 602, 603, 604, 606, 607, 609, 613, 614, 615, 616, 617, 618, 620, 621, 622, 624, 627, 628, 629, 630, 631, 632, 633, 636, 637, 639, 640, 642, 643, 645, 646, 649, 650, 653, 654, 656, 657, 658, 663, 664, 667, 674, 679, 680, 683, 685, 690, 692, 694, 695, 696, 700, 701, 703, 704, 708, 712, 714, 715, 716, 717, 718, 719, 722, 723, 724, 728, 729, 730, 732, 735, 736, 737, 739, 740, 741, 742, 745, 746, 747, 748, 749, 750, 751, 752, 753, 754, 755], "excluded_lines": [], "functions": {"MainOrchestrator.__init__": {"executed_lines": [58, 59, 60, 62, 63, 65, 68, 70, 71, 72, 73, 74, 75, 76, 78, 79, 80], "summary": {"covered_lines": 17, "num_statements": 17, "percent_covered": 100.0, "percent_covered_display": "100", "missing_lines": 0, "excluded_lines": 0}, "missing_lines": [], "excluded_lines": []}, "MainOrchestrator.connect": {"executed_lines": [83, 84, 85, 87, 88, 92, 93, 94, 95], "summary": {"covered_lines": 9, "num_statements": 11, "percent_covered": 81.81818181818181, "percent_covered_display": "82", "missing_lines": 2, "excluded_lines": 0}, "missing_lines": [89, 90], "excluded_lines": []}, "MainOrchestrator.connect_websocket": {"executed_lines": [98, 99, 100, 103, 104, 110, 111, 112, 113, 115, 116, 117, 119, 120, 122, 123, 124, 125, 127, 128, 129, 130, 131, 135, 136, 137, 140, 141, 145, 150, 151, 152, 155], "summary": {"covered_lines": 33, "num_statements": 48, "percent_covered": 68.75, "percent_covered_display": "69", "missing_lines": 15, "excluded_lines": 0}, "missing_lines": [105, 106, 107, 133, 142, 146, 147, 148, 157, 158, 159, 163, 165, 166, 168], "excluded_lines": []}, "MainOrchestrator.run": {"executed_lines": [171, 172, 173, 175, 176, 178, 186, 187, 189, 190, 192, 195, 197, 198], "summary": {"covered_lines": 14, "num_statements": 20, "percent_covered": 70.0, "percent_covered_display": "70", "missing_lines": 6, "excluded_lines": 0}, "missing_lines": [179, 184, 199, 200, 202, 203], "excluded_lines": []}, "MainOrchestrator.stop": {"executed_lines": [], "summary": {"covered_lines": 0, "num_statements": 42, "percent_covered": 0.0, "percent_covered_display": "0", "missing_lines": 42, "excluded_lines": 0}, "missing_lines": [206, 207, 208, 209, 211, 212, 213, 215, 216, 217, 218, 219, 220, 221, 223, 228, 229, 230, 231, 232, 233, 236, 237, 238, 239, 240, 241, 242, 243, 244, 247, 248, 249, 250, 251, 252, 253, 254, 255, 256, 258, 259], "excluded_lines": []}, "MainOrchestrator._bootstrap": {"executed_lines": [], "summary": {"covered_lines": 0, "num_statements": 26, "percent_covered": 0.0, "percent_covered_display": "0", "missing_lines": 26, "excluded_lines": 0}, "missing_lines": [262, 265, 266, 267, 269, 270, 271, 274, 275, 278, 279, 282, 283, 284, 287, 288, 289, 290, 291, 294, 295, 296, 297, 298, 299, 301], "excluded_lines": []}, "MainOrchestrator._connect_web3": {"executed_lines": [], "summary": {"covered_lines": 0, "num_statements": 1, "percent_covered": 0.0, "percent_covered_display": "0", "missing_lines": 1, "excluded_lines": 0}, "missing_lines": [304], "excluded_lines": []}, "MainOrchestrator._mk_api_config": {"executed_lines": [], "summary": {"covered_lines": 0, "num_statements": 3, "percent_covered": 0.0, "percent_covered_display": "0", "missing_lines": 3, "excluded_lines": 0}, "missing_lines": [308, 309, 310], "excluded_lines": []}, "MainOrchestrator._mk_nonce_core": {"executed_lines": [], "summary": {"covered_lines": 0, "num_statements": 1, "percent_covered": 0.0, "percent_covered_display": "0", "missing_lines": 1, "excluded_lines": 0}, "missing_lines": [313], "excluded_lines": []}, "MainOrchestrator._mk_safety_net": {"executed_lines": [], "summary": {"covered_lines": 0, "num_statements": 1, "percent_covered": 0.0, "percent_covered_display": "0", "missing_lines": 1, "excluded_lines": 0}, "missing_lines": [316], "excluded_lines": []}, "MainOrchestrator._mk_txcore": {"executed_lines": [], "summary": {"covered_lines": 0, "num_statements": 1, "percent_covered": 0.0, "percent_covered_display": "0", "missing_lines": 1, "excluded_lines": 0}, "missing_lines": [319], "excluded_lines": []}, "MainOrchestrator._mk_market_monitor": {"executed_lines": [], "summary": {"covered_lines": 0, "num_statements": 1, "percent_covered": 0.0, "percent_covered_display": "0", "missing_lines": 1, "excluded_lines": 0}, "missing_lines": [322], "excluded_lines": []}, "MainOrchestrator._mk_txpool_monitor": {"executed_lines": [], "summary": {"covered_lines": 0, "num_statements": 1, "percent_covered": 0.0, "percent_covered_display": "0", "missing_lines": 1, "excluded_lines": 0}, "missing_lines": [325], "excluded_lines": []}, "MainOrchestrator._mk_strategy_net": {"executed_lines": [], "summary": {"covered_lines": 0, "num_statements": 1, "percent_covered": 0.0, "percent_covered_display": "0", "missing_lines": 1, "excluded_lines": 0}, "missing_lines": [328], "excluded_lines": []}, "MainOrchestrator._mk_abi_registry": {"executed_lines": [], "summary": {"covered_lines": 0, "num_statements": 21, "percent_covered": 0.0, "percent_covered_display": "0", "missing_lines": 21, "excluded_lines": 0}, "missing_lines": [335, 337, 339, 340, 342, 343, 344, 347, 348, 350, 351, 354, 357, 360, 362, 365, 366, 367, 368, 371, 373], "excluded_lines": []}, "MainOrchestrator._mk_db_manager": {"executed_lines": [], "summary": {"covered_lines": 0, "num_statements": 9, "percent_covered": 0.0, "percent_covered_display": "0", "missing_lines": 9, "excluded_lines": 0}, "missing_lines": [380, 383, 385, 387, 388, 389, 390, 391, 392], "excluded_lines": []}, "MainOrchestrator._mk_notification_manager": {"executed_lines": [], "summary": {"covered_lines": 0, "num_statements": 4, "percent_covered": 0.0, "percent_covered_display": "0", "missing_lines": 4, "excluded_lines": 0}, "missing_lines": [399, 402, 403, 404], "excluded_lines": []}, "MainOrchestrator._create_web3_connection": {"executed_lines": [], "summary": {"covered_lines": 0, "num_statements": 38, "percent_covered": 0.0, "percent_covered_display": "0", "missing_lines": 38, "excluded_lines": 0}, "missing_lines": [409, 411, 413, 414, 415, 417, 418, 420, 421, 422, 425, 426, 427, 428, 429, 432, 433, 434, 436, 440, 441, 442, 445, 446, 447, 448, 449, 451, 452, 453, 455, 459, 460, 461, 464, 465, 469, 470], "excluded_lines": []}, "MainOrchestrator._create_account": {"executed_lines": [], "summary": {"covered_lines": 0, "num_statements": 4, "percent_covered": 0.0, "percent_covered_display": "0", "missing_lines": 4, "excluded_lines": 0}, "missing_lines": [473, 474, 475, 476], "excluded_lines": []}, "MainOrchestrator._create_nonce_core": {"executed_lines": [], "summary": {"covered_lines": 0, "num_statements": 4, "percent_covered": 0.0, "percent_covered_display": "0", "missing_lines": 4, "excluded_lines": 0}, "missing_lines": [479, 480, 481, 482], "excluded_lines": []}, "MainOrchestrator._create_safety_net": {"executed_lines": [], "summary": {"covered_lines": 0, "num_statements": 5, "percent_covered": 0.0, "percent_covered_display": "0", "missing_lines": 5, "excluded_lines": 0}, "missing_lines": [485, 486, 489, 496, 497], "excluded_lines": []}, "MainOrchestrator._create_transaction_core": {"executed_lines": [], "summary": {"covered_lines": 0, "num_statements": 6, "percent_covered": 0.0, "percent_covered_display": "0", "missing_lines": 6, "excluded_lines": 0}, "missing_lines": [500, 501, 503, 504, 516, 517], "excluded_lines": []}, "MainOrchestrator._create_market_monitor": {"executed_lines": [], "summary": {"covered_lines": 0, "num_statements": 6, "percent_covered": 0.0, "percent_covered_display": "0", "missing_lines": 6, "excluded_lines": 0}, "missing_lines": [520, 523, 524, 526, 527, 528], "excluded_lines": []}, "MainOrchestrator._create_txpool_monitor": {"executed_lines": [], "summary": {"covered_lines": 0, "num_statements": 23, "percent_covered": 0.0, "percent_covered_display": "0", "missing_lines": 23, "excluded_lines": 0}, "missing_lines": [531, 534, 535, 538, 540, 541, 543, 544, 548, 550, 551, 552, 555, 556, 559, 561, 564, 565, 569, 571, 575, 584, 585], "excluded_lines": []}, "MainOrchestrator._create_strategy_net": {"executed_lines": [], "summary": {"covered_lines": 0, "num_statements": 4, "percent_covered": 0.0, "percent_covered_display": "0", "missing_lines": 4, "excluded_lines": 0}, "missing_lines": [588, 590, 598, 599], "excluded_lines": []}, "MainOrchestrator._heartbeat": {"executed_lines": [], "summary": {"covered_lines": 0, "num_statements": 23, "percent_covered": 0.0, "percent_covered_display": "0", "missing_lines": 23, "excluded_lines": 0}, "missing_lines": [602, 603, 604, 606, 607, 609, 613, 614, 615, 616, 617, 618, 620, 621, 622, 624, 627, 628, 629, 630, 631, 632, 633], "excluded_lines": []}, "MainOrchestrator._tx_processor": {"executed_lines": [], "summary": {"covered_lines": 0, "num_statements": 40, "percent_covered": 0.0, "percent_covered_display": "0", "missing_lines": 40, "excluded_lines": 0}, "missing_lines": [636, 637, 639, 640, 642, 643, 645, 646, 649, 650, 653, 654, 656, 657, 658, 663, 664, 667, 674, 679, 680, 683, 685, 690, 692, 694, 695, 696, 700, 701, 703, 704, 708, 712, 714, 715, 716, 717, 718, 719], "excluded_lines": []}, "MainOrchestrator._check_component_health": {"executed_lines": [], "summary": {"covered_lines": 0, "num_statements": 14, "percent_covered": 0.0, "percent_covered_display": "0", "missing_lines": 14, "excluded_lines": 0}, "missing_lines": [722, 723, 724, 728, 729, 730, 732, 735, 736, 737, 739, 740, 741, 742], "excluded_lines": []}, "MainOrchestrator._report_memory_usage": {"executed_lines": [], "summary": {"covered_lines": 0, "num_statements": 11, "percent_covered": 0.0, "percent_covered_display": "0", "missing_lines": 11, "excluded_lines": 0}, "missing_lines": [745, 746, 747, 748, 749, 750, 751, 752, 753, 754, 755], "excluded_lines": []}, "": {"executed_lines": [4, 17, 19, 20, 21, 22, 23, 24, 25, 26, 28, 29, 30, 31, 33, 34, 35, 36, 37, 38, 39, 40, 41, 42, 43, 45, 47, 50, 51, 53, 82, 97, 170, 205, 261, 303, 306, 312, 315, 318, 321, 324, 327, 330, 375, 394, 406, 472, 478, 484, 499, 519, 530, 587, 601, 635, 721, 744], "summary": {"covered_lines": 57, "num_statements": 57, "percent_covered": 100.0, "percent_covered_display": "100", "missing_lines": 0, "excluded_lines": 0}, "missing_lines": [], "excluded_lines": []}}, "classes": {"MainOrchestrator": {"executed_lines": [58, 59, 60, 62, 63, 65, 68, 70, 71, 72, 73, 74, 75, 76, 78, 79, 80, 83, 84, 85, 87, 88, 92, 93, 94, 95, 98, 99, 100, 103, 104, 110, 111, 112, 113, 115, 116, 117, 119, 120, 122, 123, 124, 125, 127, 128, 129, 130, 131, 135, 136, 137, 140, 141, 145, 150, 151, 152, 155, 171, 172, 173, 175, 176, 178, 186, 187, 189, 190, 192, 195, 197, 198], "summary": {"covered_lines": 73, "num_statements": 386, "percent_covered": 18.911917098445596, "percent_covered_display": "19", "missing_lines": 313, "excluded_lines": 0}, "missing_lines": [89, 90, 105, 106, 107, 133, 142, 146, 147, 148, 157, 158, 159, 163, 165, 166, 168, 179, 184, 199, 200, 202, 203, 206, 207, 208, 209, 211, 212, 213, 215, 216, 217, 218, 219, 220, 221, 223, 228, 229, 230, 231, 232, 233, 236, 237, 238, 239, 240, 241, 242, 243, 244, 247, 248, 249, 250, 251, 252, 253, 254, 255, 256, 258, 259, 262, 265, 266, 267, 269, 270, 271, 274, 275, 278, 279, 282, 283, 284, 287, 288, 289, 290, 291, 294, 295, 296, 297, 298, 299, 301, 304, 308, 309, 310, 313, 316, 319, 322, 325, 328, 335, 337, 339, 340, 342, 343, 344, 347, 348, 350, 351, 354, 357, 360, 362, 365, 366, 367, 368, 371, 373, 380, 383, 385, 387, 388, 389, 390, 391, 392, 399, 402, 403, 404, 409, 411, 413, 414, 415, 417, 418, 420, 421, 422, 425, 426, 427, 428, 429, 432, 433, 434, 436, 440, 441, 442, 445, 446, 447, 448, 449, 451, 452, 453, 455, 459, 460, 461, 464, 465, 469, 470, 473, 474, 475, 476, 479, 480, 481, 482, 485, 486, 489, 496, 497, 500, 501, 503, 504, 516, 517, 520, 523, 524, 526, 527, 528, 531, 534, 535, 538, 540, 541, 543, 544, 548, 550, 551, 552, 555, 556, 559, 561, 564, 565, 569, 571, 575, 584, 585, 588, 590, 598, 599, 602, 603, 604, 606, 607, 609, 613, 614, 615, 616, 617, 618, 620, 621, 622, 624, 627, 628, 629, 630, 631, 632, 633, 636, 637, 639, 640, 642, 643, 645, 646, 649, 650, 653, 654, 656, 657, 658, 663, 664, 667, 674, 679, 680, 683, 685, 690, 692, 694, 695, 696, 700, 701, 703, 704, 708, 712, 714, 715, 716, 717, 718, 719, 722, 723, 724, 728, 729, 730, 732, 735, 736, 737, 739, 740, 741, 742, 745, 746, 747, 748, 749, 750, 751, 752, 753, 754, 755], "excluded_lines": []}, "": {"executed_lines": [4, 17, 19, 20, 21, 22, 23, 24, 25, 26, 28, 29, 30, 31, 33, 34, 35, 36, 37, 38, 39, 40, 41, 42, 43, 45, 47, 50, 51, 53, 82, 97, 170, 205, 261, 303, 306, 312, 315, 318, 321, 324, 327, 330, 375, 394, 406, 472, 478, 484, 499, 519, 530, 587, 601, 635, 721, 744], "summary": {"covered_lines": 57, "num_statements": 57, "percent_covered": 100.0, "percent_covered_display": "100", "missing_lines": 0, "excluded_lines": 0}, "missing_lines": [], "excluded_lines": []}}}, "src/on1builder/core/multi_chain_orchestrator.py": {"executed_lines": [4, 11, 13, 14, 15, 16, 18, 19, 20, 22, 25, 26, 28, 64, 125, 143, 161, 186, 202, 235, 239, 243], "summary": {"covered_lines": 20, "num_statements": 136, "percent_covered": 14.705882352941176, "percent_covered_display": "15", "missing_lines": 116, "excluded_lines": 0}, "missing_lines": [33, 34, 35, 36, 39, 40, 43, 44, 57, 60, 62, 70, 71, 72, 74, 75, 76, 79, 80, 81, 82, 86, 87, 88, 90, 91, 93, 94, 95, 96, 97, 98, 103, 105, 107, 108, 109, 111, 114, 115, 116, 119, 120, 121, 123, 129, 131, 132, 133, 134, 135, 136, 137, 138, 139, 140, 141, 145, 146, 147, 149, 151, 152, 153, 154, 157, 158, 159, 163, 164, 167, 168, 169, 170, 173, 177, 180, 181, 182, 184, 188, 189, 190, 191, 192, 193, 194, 195, 196, 197, 198, 199, 200, 204, 205, 206, 207, 209, 210, 211, 212, 213, 214, 215, 216, 217, 219, 228, 229, 230, 231, 232, 233, 237, 241, 245], "excluded_lines": [], "functions": {"MultiChainOrchestrator.__init__": {"executed_lines": [], "summary": {"covered_lines": 0, "num_statements": 11, "percent_covered": 0.0, "percent_covered_display": "0", "missing_lines": 11, "excluded_lines": 0}, "missing_lines": [33, 34, 35, 36, 39, 40, 43, 44, 57, 60, 62], "excluded_lines": []}, "MultiChainOrchestrator.initialize": {"executed_lines": [], "summary": {"covered_lines": 0, "num_statements": 34, "percent_covered": 0.0, "percent_covered_display": "0", "missing_lines": 34, "excluded_lines": 0}, "missing_lines": [70, 71, 72, 74, 75, 76, 79, 80, 81, 82, 86, 87, 88, 90, 91, 93, 94, 95, 96, 97, 98, 103, 105, 107, 108, 109, 111, 114, 115, 116, 119, 120, 121, 123], "excluded_lines": []}, "MultiChainOrchestrator._init_chain_worker": {"executed_lines": [], "summary": {"covered_lines": 0, "num_statements": 12, "percent_covered": 0.0, "percent_covered_display": "0", "missing_lines": 12, "excluded_lines": 0}, "missing_lines": [129, 131, 132, 133, 134, 135, 136, 137, 138, 139, 140, 141], "excluded_lines": []}, "MultiChainOrchestrator.run": {"executed_lines": [], "summary": {"covered_lines": 0, "num_statements": 11, "percent_covered": 0.0, "percent_covered_display": "0", "missing_lines": 11, "excluded_lines": 0}, "missing_lines": [145, 146, 147, 149, 151, 152, 153, 154, 157, 158, 159], "excluded_lines": []}, "MultiChainOrchestrator.stop": {"executed_lines": [], "summary": {"covered_lines": 0, "num_statements": 12, "percent_covered": 0.0, "percent_covered_display": "0", "missing_lines": 12, "excluded_lines": 0}, "missing_lines": [163, 164, 167, 168, 169, 170, 173, 177, 180, 181, 182, 184], "excluded_lines": []}, "MultiChainOrchestrator._periodic_health_check": {"executed_lines": [], "summary": {"covered_lines": 0, "num_statements": 13, "percent_covered": 0.0, "percent_covered_display": "0", "missing_lines": 13, "excluded_lines": 0}, "missing_lines": [188, 189, 190, 191, 192, 193, 194, 195, 196, 197, 198, 199, 200], "excluded_lines": []}, "MultiChainOrchestrator._update_metrics": {"executed_lines": [], "summary": {"covered_lines": 0, "num_statements": 20, "percent_covered": 0.0, "percent_covered_display": "0", "missing_lines": 20, "excluded_lines": 0}, "missing_lines": [204, 205, 206, 207, 209, 210, 211, 212, 213, 214, 215, 216, 217, 219, 228, 229, 230, 231, 232, 233], "excluded_lines": []}, "MultiChainOrchestrator.get_metrics": {"executed_lines": [], "summary": {"covered_lines": 0, "num_statements": 1, "percent_covered": 0.0, "percent_covered_display": "0", "missing_lines": 1, "excluded_lines": 0}, "missing_lines": [237], "excluded_lines": []}, "MultiChainOrchestrator.start": {"executed_lines": [], "summary": {"covered_lines": 0, "num_statements": 1, "percent_covered": 0.0, "percent_covered_display": "0", "missing_lines": 1, "excluded_lines": 0}, "missing_lines": [241], "excluded_lines": []}, "MultiChainOrchestrator.shutdown": {"executed_lines": [], "summary": {"covered_lines": 0, "num_statements": 1, "percent_covered": 0.0, "percent_covered_display": "0", "missing_lines": 1, "excluded_lines": 0}, "missing_lines": [245], "excluded_lines": []}, "": {"executed_lines": [4, 11, 13, 14, 15, 16, 18, 19, 20, 22, 25, 26, 28, 64, 125, 143, 161, 186, 202, 235, 239, 243], "summary": {"covered_lines": 20, "num_statements": 20, "percent_covered": 100.0, "percent_covered_display": "100", "missing_lines": 0, "excluded_lines": 0}, "missing_lines": [], "excluded_lines": []}}, "classes": {"MultiChainOrchestrator": {"executed_lines": [], "summary": {"covered_lines": 0, "num_statements": 116, "percent_covered": 0.0, "percent_covered_display": "0", "missing_lines": 116, "excluded_lines": 0}, "missing_lines": [33, 34, 35, 36, 39, 40, 43, 44, 57, 60, 62, 70, 71, 72, 74, 75, 76, 79, 80, 81, 82, 86, 87, 88, 90, 91, 93, 94, 95, 96, 97, 98, 103, 105, 107, 108, 109, 111, 114, 115, 116, 119, 120, 121, 123, 129, 131, 132, 133, 134, 135, 136, 137, 138, 139, 140, 141, 145, 146, 147, 149, 151, 152, 153, 154, 157, 158, 159, 163, 164, 167, 168, 169, 170, 173, 177, 180, 181, 182, 184, 188, 189, 190, 191, 192, 193, 194, 195, 196, 197, 198, 199, 200, 204, 205, 206, 207, 209, 210, 211, 212, 213, 214, 215, 216, 217, 219, 228, 229, 230, 231, 232, 233, 237, 241, 245], "excluded_lines": []}, "": {"executed_lines": [4, 11, 13, 14, 15, 16, 18, 19, 20, 22, 25, 26, 28, 64, 125, 143, 161, 186, 202, 235, 239, 243], "summary": {"covered_lines": 20, "num_statements": 20, "percent_covered": 100.0, "percent_covered_display": "100", "missing_lines": 0, "excluded_lines": 0}, "missing_lines": [], "excluded_lines": []}}}, "src/on1builder/core/nonce_manager.py": {"executed_lines": [4, 18, 20, 21, 22, 24, 25, 27, 28, 30, 33, 34, 36, 85, 118, 148, 180, 184, 206, 254, 297, 325, 357], "summary": {"covered_lines": 21, "num_statements": 181, "percent_covered": 11.602209944751381, "percent_covered_display": "12", "missing_lines": 160, "excluded_lines": 0}, "missing_lines": [50, 52, 53, 54, 57, 58, 59, 60, 61, 62, 64, 67, 68, 73, 74, 75, 78, 79, 80, 81, 83, 87, 90, 91, 92, 93, 94, 95, 98, 99, 101, 102, 104, 105, 106, 108, 109, 110, 113, 114, 116, 127, 128, 130, 131, 132, 133, 134, 135, 136, 137, 138, 141, 143, 146, 157, 158, 159, 160, 162, 163, 164, 165, 167, 168, 169, 170, 171, 173, 174, 178, 182, 193, 194, 195, 196, 198, 199, 200, 201, 202, 203, 204, 216, 217, 218, 219, 220, 222, 223, 224, 226, 232, 235, 236, 237, 238, 247, 248, 249, 252, 256, 257, 259, 260, 261, 262, 263, 264, 265, 266, 268, 269, 270, 271, 273, 274, 275, 276, 277, 279, 280, 281, 282, 283, 284, 285, 286, 289, 290, 291, 295, 309, 310, 312, 313, 314, 315, 316, 317, 318, 319, 320, 322, 323, 327, 330, 331, 332, 334, 335, 343, 346, 347, 350, 351, 352, 353, 355, 359], "excluded_lines": [], "functions": {"NonceManager.__init__": {"executed_lines": [], "summary": {"covered_lines": 0, "num_statements": 21, "percent_covered": 0.0, "percent_covered_display": "0", "missing_lines": 21, "excluded_lines": 0}, "missing_lines": [50, 52, 53, 54, 57, 58, 59, 60, 61, 62, 64, 67, 68, 73, 74, 75, 78, 79, 80, 81, 83], "excluded_lines": []}, "NonceManager.initialize": {"executed_lines": [], "summary": {"covered_lines": 0, "num_statements": 20, "percent_covered": 0.0, "percent_covered_display": "0", "missing_lines": 20, "excluded_lines": 0}, "missing_lines": [87, 90, 91, 92, 93, 94, 95, 98, 99, 101, 102, 104, 105, 106, 108, 109, 110, 113, 114, 116], "excluded_lines": []}, "NonceManager.get_onchain_nonce": {"executed_lines": [], "summary": {"covered_lines": 0, "num_statements": 14, "percent_covered": 0.0, "percent_covered_display": "0", "missing_lines": 14, "excluded_lines": 0}, "missing_lines": [127, 128, 130, 131, 132, 133, 134, 135, 136, 137, 138, 141, 143, 146], "excluded_lines": []}, "NonceManager.get_next_nonce": {"executed_lines": [], "summary": {"covered_lines": 0, "num_statements": 16, "percent_covered": 0.0, "percent_covered_display": "0", "missing_lines": 16, "excluded_lines": 0}, "missing_lines": [157, 158, 159, 160, 162, 163, 164, 165, 167, 168, 169, 170, 171, 173, 174, 178], "excluded_lines": []}, "NonceManager.get_nonce": {"executed_lines": [], "summary": {"covered_lines": 0, "num_statements": 1, "percent_covered": 0.0, "percent_covered_display": "0", "missing_lines": 1, "excluded_lines": 0}, "missing_lines": [182], "excluded_lines": []}, "NonceManager.reset_nonce": {"executed_lines": [], "summary": {"covered_lines": 0, "num_statements": 11, "percent_covered": 0.0, "percent_covered_display": "0", "missing_lines": 11, "excluded_lines": 0}, "missing_lines": [193, 194, 195, 196, 198, 199, 200, 201, 202, 203, 204], "excluded_lines": []}, "NonceManager.track_transaction": {"executed_lines": [], "summary": {"covered_lines": 0, "num_statements": 18, "percent_covered": 0.0, "percent_covered_display": "0", "missing_lines": 18, "excluded_lines": 0}, "missing_lines": [216, 217, 218, 219, 220, 222, 223, 224, 226, 232, 235, 236, 237, 238, 247, 248, 249, 252], "excluded_lines": []}, "NonceManager._monitor_transaction": {"executed_lines": [], "summary": {"covered_lines": 0, "num_statements": 31, "percent_covered": 0.0, "percent_covered_display": "0", "missing_lines": 31, "excluded_lines": 0}, "missing_lines": [256, 257, 259, 260, 261, 262, 263, 264, 265, 266, 268, 269, 270, 271, 273, 274, 275, 276, 277, 279, 280, 281, 282, 283, 284, 285, 286, 289, 290, 291, 295], "excluded_lines": []}, "NonceManager.wait_for_transaction": {"executed_lines": [], "summary": {"covered_lines": 0, "num_statements": 13, "percent_covered": 0.0, "percent_covered_display": "0", "missing_lines": 13, "excluded_lines": 0}, "missing_lines": [309, 310, 312, 313, 314, 315, 316, 317, 318, 319, 320, 322, 323], "excluded_lines": []}, "NonceManager.close": {"executed_lines": [], "summary": {"covered_lines": 0, "num_statements": 14, "percent_covered": 0.0, "percent_covered_display": "0", "missing_lines": 14, "excluded_lines": 0}, "missing_lines": [327, 330, 331, 332, 334, 335, 343, 346, 347, 350, 351, 352, 353, 355], "excluded_lines": []}, "NonceManager.stop": {"executed_lines": [], "summary": {"covered_lines": 0, "num_statements": 1, "percent_covered": 0.0, "percent_covered_display": "0", "missing_lines": 1, "excluded_lines": 0}, "missing_lines": [359], "excluded_lines": []}, "": {"executed_lines": [4, 18, 20, 21, 22, 24, 25, 27, 28, 30, 33, 34, 36, 85, 118, 148, 180, 184, 206, 254, 297, 325, 357], "summary": {"covered_lines": 21, "num_statements": 21, "percent_covered": 100.0, "percent_covered_display": "100", "missing_lines": 0, "excluded_lines": 0}, "missing_lines": [], "excluded_lines": []}}, "classes": {"NonceManager": {"executed_lines": [], "summary": {"covered_lines": 0, "num_statements": 160, "percent_covered": 0.0, "percent_covered_display": "0", "missing_lines": 160, "excluded_lines": 0}, "missing_lines": [50, 52, 53, 54, 57, 58, 59, 60, 61, 62, 64, 67, 68, 73, 74, 75, 78, 79, 80, 81, 83, 87, 90, 91, 92, 93, 94, 95, 98, 99, 101, 102, 104, 105, 106, 108, 109, 110, 113, 114, 116, 127, 128, 130, 131, 132, 133, 134, 135, 136, 137, 138, 141, 143, 146, 157, 158, 159, 160, 162, 163, 164, 165, 167, 168, 169, 170, 171, 173, 174, 178, 182, 193, 194, 195, 196, 198, 199, 200, 201, 202, 203, 204, 216, 217, 218, 219, 220, 222, 223, 224, 226, 232, 235, 236, 237, 238, 247, 248, 249, 252, 256, 257, 259, 260, 261, 262, 263, 264, 265, 266, 268, 269, 270, 271, 273, 274, 275, 276, 277, 279, 280, 281, 282, 283, 284, 285, 286, 289, 290, 291, 295, 309, 310, 312, 313, 314, 315, 316, 317, 318, 319, 320, 322, 323, 327, 330, 331, 332, 334, 335, 343, 346, 347, 350, 351, 352, 353, 355, 359], "excluded_lines": []}, "": {"executed_lines": [4, 18, 20, 21, 22, 24, 25, 27, 28, 30, 33, 34, 36, 85, 118, 148, 180, 184, 206, 254, 297, 325, 357], "summary": {"covered_lines": 21, "num_statements": 21, "percent_covered": 100.0, "percent_covered_display": "100", "missing_lines": 0, "excluded_lines": 0}, "missing_lines": [], "excluded_lines": []}}}, "src/on1builder/core/transaction_manager.py": {"executed_lines": [5, 19, 21, 22, 23, 24, 37, 38, 39, 40, 41, 43, 44, 45, 46, 47, 50, 53, 56, 57, 62, 63, 64, 66, 82, 83, 84, 86, 87, 88, 89, 90, 91, 92, 93, 98, 99, 101, 125, 127, 129, 131, 134, 135, 140, 141, 142, 164, 272, 280, 290, 406, 439, 450, 464, 476, 478, 479, 482, 485, 493, 494, 495, 500, 501, 502, 503, 512, 515, 537, 590, 650, 775, 868, 920, 934, 950, 971, 990, 1012, 1039, 1055, 1090, 1123, 1162, 1219, 1283, 1304, 1372, 1469, 1526, 1606, 1665, 1751, 1846, 1917], "summary": {"covered_lines": 93, "num_statements": 862, "percent_covered": 10.788863109048723, "percent_covered_display": "11", "missing_lines": 769, "excluded_lines": 2}, "missing_lines": [103, 104, 105, 110, 111, 112, 117, 120, 121, 136, 137, 138, 139, 145, 146, 147, 148, 149, 150, 153, 154, 159, 160, 162, 177, 178, 179, 180, 181, 182, 183, 186, 187, 188, 191, 192, 193, 194, 197, 198, 199, 202, 209, 210, 213, 214, 216, 217, 218, 219, 220, 221, 222, 223, 225, 226, 227, 228, 229, 231, 233, 234, 235, 237, 238, 241, 242, 243, 244, 245, 246, 247, 248, 249, 250, 251, 254, 255, 256, 257, 258, 259, 260, 265, 267, 268, 270, 274, 275, 276, 277, 278, 282, 283, 284, 285, 286, 287, 288, 295, 296, 297, 298, 299, 300, 302, 306, 307, 312, 313, 314, 315, 316, 317, 318, 319, 321, 322, 323, 324, 326, 327, 328, 329, 330, 331, 335, 336, 337, 338, 339, 340, 342, 343, 344, 345, 351, 352, 357, 360, 361, 375, 376, 378, 379, 380, 381, 382, 385, 387, 389, 393, 394, 399, 400, 401, 404, 410, 411, 413, 414, 415, 416, 419, 420, 421, 424, 425, 428, 429, 430, 431, 432, 433, 434, 435, 441, 442, 447, 448, 452, 453, 455, 458, 459, 460, 461, 462, 496, 497, 504, 509, 510, 517, 518, 519, 522, 528, 529, 530, 531, 532, 533, 535, 554, 556, 559, 560, 561, 562, 564, 567, 568, 570, 573, 574, 575, 578, 579, 581, 584, 586, 587, 588, 600, 602, 603, 606, 607, 610, 611, 612, 613, 616, 617, 618, 619, 621, 638, 639, 640, 644, 646, 647, 648, 669, 671, 672, 673, 674, 676, 677, 681, 686, 687, 692, 693, 694, 696, 697, 698, 699, 702, 703, 706, 707, 710, 711, 714, 715, 720, 721, 722, 724, 727, 728, 733, 736, 737, 741, 742, 744, 745, 750, 751, 754, 756, 769, 770, 771, 772, 773, 792, 793, 794, 796, 797, 798, 799, 800, 802, 807, 812, 817, 820, 826, 827, 830, 833, 834, 835, 846, 847, 849, 850, 852, 853, 855, 856, 857, 862, 863, 864, 865, 866, 889, 890, 893, 901, 902, 903, 906, 907, 908, 911, 913, 914, 916, 917, 918, 922, 923, 924, 925, 926, 927, 928, 929, 930, 931, 932, 936, 937, 938, 939, 946, 947, 948, 952, 953, 954, 955, 956, 957, 958, 959, 960, 961, 967, 968, 969, 975, 980, 981, 982, 983, 984, 985, 986, 987, 988, 992, 993, 994, 995, 996, 998, 1007, 1008, 1009, 1010, 1016, 1017, 1018, 1019, 1021, 1022, 1023, 1025, 1026, 1027, 1028, 1029, 1030, 1032, 1033, 1036, 1037, 1041, 1042, 1043, 1044, 1045, 1046, 1049, 1052, 1053, 1057, 1060, 1061, 1062, 1064, 1065, 1067, 1068, 1069, 1071, 1072, 1073, 1074, 1077, 1078, 1079, 1084, 1097, 1099, 1102, 1104, 1105, 1106, 1107, 1110, 1111, 1112, 1117, 1118, 1120, 1121, 1130, 1131, 1132, 1137, 1138, 1139, 1150, 1155, 1156, 1157, 1159, 1160, 1173, 1181, 1182, 1183, 1185, 1186, 1187, 1188, 1197, 1199, 1200, 1201, 1208, 1209, 1211, 1212, 1213, 1215, 1216, 1217, 1229, 1230, 1233, 1234, 1236, 1237, 1242, 1243, 1244, 1249, 1252, 1253, 1258, 1260, 1268, 1271, 1272, 1276, 1278, 1279, 1280, 1281, 1293, 1295, 1297, 1298, 1300, 1301, 1302, 1316, 1317, 1318, 1320, 1321, 1322, 1325, 1330, 1338, 1340, 1343, 1346, 1347, 1350, 1351, 1356, 1357, 1359, 1360, 1362, 1364, 1365, 1366, 1386, 1387, 1390, 1391, 1393, 1394, 1395, 1398, 1399, 1400, 1401, 1402, 1404, 1405, 1410, 1422, 1423, 1424, 1425, 1430, 1431, 1432, 1435, 1436, 1437, 1440, 1441, 1442, 1445, 1446, 1449, 1450, 1451, 1452, 1457, 1458, 1460, 1463, 1465, 1466, 1467, 1482, 1484, 1485, 1486, 1488, 1489, 1490, 1493, 1499, 1500, 1502, 1503, 1511, 1513, 1514, 1515, 1518, 1519, 1521, 1522, 1524, 1539, 1540, 1543, 1544, 1547, 1548, 1553, 1561, 1562, 1565, 1566, 1567, 1569, 1570, 1571, 1574, 1575, 1577, 1580, 1581, 1585, 1586, 1587, 1589, 1590, 1593, 1594, 1595, 1596, 1597, 1599, 1600, 1602, 1603, 1604, 1613, 1615, 1616, 1618, 1619, 1621, 1622, 1623, 1626, 1627, 1628, 1631, 1635, 1636, 1641, 1646, 1652, 1653, 1655, 1656, 1658, 1659, 1672, 1683, 1685, 1686, 1689, 1690, 1692, 1693, 1695, 1696, 1699, 1700, 1701, 1702, 1703, 1706, 1707, 1710, 1713, 1714, 1715, 1716, 1717, 1718, 1721, 1726, 1727, 1730, 1731, 1732, 1735, 1736, 1737, 1741, 1742, 1743, 1745, 1747, 1748, 1749, 1763, 1765, 1766, 1770, 1772, 1774, 1783, 1784, 1787, 1792, 1793, 1796, 1797, 1800, 1804, 1805, 1808, 1809, 1810, 1811, 1813, 1815, 1821, 1823, 1824, 1827, 1830, 1831, 1833, 1837, 1840, 1842, 1843, 1844, 1853, 1854, 1887, 1888, 1889, 1890, 1891, 1892, 1895, 1896, 1897, 1898, 1899, 1902, 1903, 1907, 1909, 1910, 1911, 1924, 1925, 1927, 1935, 1936, 1937, 1938, 1939, 1940, 1941, 1944, 1945, 1946, 1949, 1950, 1951, 1958, 1959, 1960, 1962, 1963, 1964, 1966, 1967, 1968], "excluded_lines": [50, 51], "functions": {"TransactionManager.__init__": {"executed_lines": [82, 83, 84, 86, 87, 88, 89, 90, 91, 92, 93, 98, 99, 101, 125, 127], "summary": {"covered_lines": 16, "num_statements": 25, "percent_covered": 64.0, "percent_covered_display": "64", "missing_lines": 9, "excluded_lines": 0}, "missing_lines": [103, 104, 105, 110, 111, 112, 117, 120, 121], "excluded_lines": []}, "TransactionManager.initialize": {"executed_lines": [131, 134, 135, 140, 141, 142], "summary": {"covered_lines": 6, "num_statements": 21, "percent_covered": 28.571428571428573, "percent_covered_display": "29", "missing_lines": 15, "excluded_lines": 0}, "missing_lines": [136, 137, 138, 139, 145, 146, 147, 148, 149, 150, 153, 154, 159, 160, 162], "excluded_lines": []}, "TransactionManager.build_transaction": {"executed_lines": [], "summary": {"covered_lines": 0, "num_statements": 63, "percent_covered": 0.0, "percent_covered_display": "0", "missing_lines": 63, "excluded_lines": 0}, "missing_lines": [177, 178, 179, 180, 181, 182, 183, 186, 187, 188, 191, 192, 193, 194, 197, 198, 199, 202, 209, 210, 213, 214, 216, 217, 218, 219, 220, 221, 222, 223, 225, 226, 227, 228, 229, 231, 233, 234, 235, 237, 238, 241, 242, 243, 244, 245, 246, 247, 248, 249, 250, 251, 254, 255, 256, 257, 258, 259, 260, 265, 267, 268, 270], "excluded_lines": []}, "TransactionManager.sign_transaction": {"executed_lines": [], "summary": {"covered_lines": 0, "num_statements": 5, "percent_covered": 0.0, "percent_covered_display": "0", "missing_lines": 5, "excluded_lines": 0}, "missing_lines": [274, 275, 276, 277, 278], "excluded_lines": []}, "TransactionManager.send_signed": {"executed_lines": [], "summary": {"covered_lines": 0, "num_statements": 7, "percent_covered": 0.0, "percent_covered_display": "0", "missing_lines": 7, "excluded_lines": 0}, "missing_lines": [282, 283, 284, 285, 286, 287, 288], "excluded_lines": []}, "TransactionManager.execute_transaction": {"executed_lines": [], "summary": {"covered_lines": 0, "num_statements": 58, "percent_covered": 0.0, "percent_covered_display": "0", "missing_lines": 58, "excluded_lines": 0}, "missing_lines": [295, 296, 297, 298, 299, 300, 302, 306, 307, 312, 313, 314, 315, 316, 317, 318, 319, 321, 322, 323, 324, 326, 327, 328, 329, 330, 331, 335, 336, 337, 338, 339, 340, 342, 343, 344, 345, 351, 352, 357, 360, 361, 375, 376, 378, 379, 380, 381, 382, 385, 387, 389, 393, 394, 399, 400, 401, 404], "excluded_lines": []}, "TransactionManager.wait_for_transaction_receipt": {"executed_lines": [], "summary": {"covered_lines": 0, "num_statements": 19, "percent_covered": 0.0, "percent_covered_display": "0", "missing_lines": 19, "excluded_lines": 0}, "missing_lines": [410, 411, 413, 414, 415, 416, 419, 420, 421, 424, 425, 428, 429, 430, 431, 432, 433, 434, 435], "excluded_lines": []}, "TransactionManager.handle_eth_transaction": {"executed_lines": [], "summary": {"covered_lines": 0, "num_statements": 4, "percent_covered": 0.0, "percent_covered_display": "0", "missing_lines": 4, "excluded_lines": 0}, "missing_lines": [441, 442, 447, 448], "excluded_lines": []}, "TransactionManager.get_eth_balance": {"executed_lines": [], "summary": {"covered_lines": 0, "num_statements": 8, "percent_covered": 0.0, "percent_covered_display": "0", "missing_lines": 8, "excluded_lines": 0}, "missing_lines": [452, 453, 455, 458, 459, 460, 461, 462], "excluded_lines": []}, "TransactionManager.simulate_transaction": {"executed_lines": [476, 478, 479, 482, 485, 493, 494, 495, 500, 501, 502, 503, 512, 515], "summary": {"covered_lines": 14, "num_statements": 30, "percent_covered": 46.666666666666664, "percent_covered_display": "47", "missing_lines": 16, "excluded_lines": 0}, "missing_lines": [496, 497, 504, 509, 510, 517, 518, 519, 522, 528, 529, 530, 531, 532, 533, 535], "excluded_lines": []}, "TransactionManager.optimize_gas_price": {"executed_lines": [], "summary": {"covered_lines": 0, "num_statements": 20, "percent_covered": 0.0, "percent_covered_display": "0", "missing_lines": 20, "excluded_lines": 0}, "missing_lines": [554, 556, 559, 560, 561, 562, 564, 567, 568, 570, 573, 574, 575, 578, 579, 581, 584, 586, 587, 588], "excluded_lines": []}, "TransactionManager.estimate_transaction_cost": {"executed_lines": [], "summary": {"covered_lines": 0, "num_statements": 21, "percent_covered": 0.0, "percent_covered_display": "0", "missing_lines": 21, "excluded_lines": 0}, "missing_lines": [600, 602, 603, 606, 607, 610, 611, 612, 613, 616, 617, 618, 619, 621, 638, 639, 640, 644, 646, 647, 648], "excluded_lines": []}, "TransactionManager.prepare_flashloan_transaction": {"executed_lines": [], "summary": {"covered_lines": 0, "num_statements": 47, "percent_covered": 0.0, "percent_covered_display": "0", "missing_lines": 47, "excluded_lines": 0}, "missing_lines": [669, 671, 672, 673, 674, 676, 677, 681, 686, 687, 692, 693, 694, 696, 697, 698, 699, 702, 703, 706, 707, 710, 711, 714, 715, 720, 721, 722, 724, 727, 728, 733, 736, 737, 741, 742, 744, 745, 750, 751, 754, 756, 769, 770, 771, 772, 773], "excluded_lines": []}, "TransactionManager.execute_flashloan": {"executed_lines": [], "summary": {"covered_lines": 0, "num_statements": 33, "percent_covered": 0.0, "percent_covered_display": "0", "missing_lines": 33, "excluded_lines": 0}, "missing_lines": [792, 793, 794, 796, 797, 798, 799, 800, 802, 807, 812, 817, 820, 826, 827, 830, 833, 834, 835, 846, 847, 849, 850, 852, 853, 855, 856, 857, 862, 863, 864, 865, 866], "excluded_lines": []}, "TransactionManager.execute_flashloan_strategy": {"executed_lines": [], "summary": {"covered_lines": 0, "num_statements": 15, "percent_covered": 0.0, "percent_covered_display": "0", "missing_lines": 15, "excluded_lines": 0}, "missing_lines": [889, 890, 893, 901, 902, 903, 906, 907, 908, 911, 913, 914, 916, 917, 918], "excluded_lines": []}, "TransactionManager.send_bundle": {"executed_lines": [], "summary": {"covered_lines": 0, "num_statements": 11, "percent_covered": 0.0, "percent_covered_display": "0", "missing_lines": 11, "excluded_lines": 0}, "missing_lines": [922, 923, 924, 925, 926, 927, 928, 929, 930, 931, 932], "excluded_lines": []}, "TransactionManager.front_run": {"executed_lines": [], "summary": {"covered_lines": 0, "num_statements": 7, "percent_covered": 0.0, "percent_covered_display": "0", "missing_lines": 7, "excluded_lines": 0}, "missing_lines": [936, 937, 938, 939, 946, 947, 948], "excluded_lines": []}, "TransactionManager.back_run": {"executed_lines": [], "summary": {"covered_lines": 0, "num_statements": 13, "percent_covered": 0.0, "percent_covered_display": "0", "missing_lines": 13, "excluded_lines": 0}, "missing_lines": [952, 953, 954, 955, 956, 957, 958, 959, 960, 961, 967, 968, 969], "excluded_lines": []}, "TransactionManager.execute_sandwich_attack": {"executed_lines": [], "summary": {"covered_lines": 0, "num_statements": 10, "percent_covered": 0.0, "percent_covered_display": "0", "missing_lines": 10, "excluded_lines": 0}, "missing_lines": [975, 980, 981, 982, 983, 984, 985, 986, 987, 988], "excluded_lines": []}, "TransactionManager.cancel_transaction": {"executed_lines": [], "summary": {"covered_lines": 0, "num_statements": 10, "percent_covered": 0.0, "percent_covered_display": "0", "missing_lines": 10, "excluded_lines": 0}, "missing_lines": [992, 993, 994, 995, 996, 998, 1007, 1008, 1009, 1010], "excluded_lines": []}, "TransactionManager.withdraw_eth": {"executed_lines": [], "summary": {"covered_lines": 0, "num_statements": 17, "percent_covered": 0.0, "percent_covered_display": "0", "missing_lines": 17, "excluded_lines": 0}, "missing_lines": [1016, 1017, 1018, 1019, 1021, 1022, 1023, 1025, 1026, 1027, 1028, 1029, 1030, 1032, 1033, 1036, 1037], "excluded_lines": []}, "TransactionManager.transfer_profit_to_account": {"executed_lines": [], "summary": {"covered_lines": 0, "num_statements": 9, "percent_covered": 0.0, "percent_covered_display": "0", "missing_lines": 9, "excluded_lines": 0}, "missing_lines": [1041, 1042, 1043, 1044, 1045, 1046, 1049, 1052, 1053], "excluded_lines": []}, "TransactionManager.stop": {"executed_lines": [], "summary": {"covered_lines": 0, "num_statements": 17, "percent_covered": 0.0, "percent_covered_display": "0", "missing_lines": 17, "excluded_lines": 0}, "missing_lines": [1057, 1060, 1061, 1062, 1064, 1065, 1067, 1068, 1069, 1071, 1072, 1073, 1074, 1077, 1078, 1079, 1084], "excluded_lines": []}, "TransactionManager._ensure_flashloan_contract_deployed": {"executed_lines": [], "summary": {"covered_lines": 0, "num_statements": 14, "percent_covered": 0.0, "percent_covered_display": "0", "missing_lines": 14, "excluded_lines": 0}, "missing_lines": [1097, 1099, 1102, 1104, 1105, 1106, 1107, 1110, 1111, 1112, 1117, 1118, 1120, 1121], "excluded_lines": []}, "TransactionManager._deploy_flashloan_contract": {"executed_lines": [], "summary": {"covered_lines": 0, "num_statements": 12, "percent_covered": 0.0, "percent_covered_display": "0", "missing_lines": 12, "excluded_lines": 0}, "missing_lines": [1130, 1131, 1132, 1137, 1138, 1139, 1150, 1155, 1156, 1157, 1159, 1160], "excluded_lines": []}, "TransactionManager._check_aave_asset_availability": {"executed_lines": [], "summary": {"covered_lines": 0, "num_statements": 20, "percent_covered": 0.0, "percent_covered_display": "0", "missing_lines": 20, "excluded_lines": 0}, "missing_lines": [1173, 1181, 1182, 1183, 1185, 1186, 1187, 1188, 1197, 1199, 1200, 1201, 1208, 1209, 1211, 1212, 1213, 1215, 1216, 1217], "excluded_lines": []}, "TransactionManager._validate_flashloan_safety": {"executed_lines": [], "summary": {"covered_lines": 0, "num_statements": 22, "percent_covered": 0.0, "percent_covered_display": "0", "missing_lines": 22, "excluded_lines": 0}, "missing_lines": [1229, 1230, 1233, 1234, 1236, 1237, 1242, 1243, 1244, 1249, 1252, 1253, 1258, 1260, 1268, 1271, 1272, 1276, 1278, 1279, 1280, 1281], "excluded_lines": []}, "TransactionManager._encode_strategy_params": {"executed_lines": [], "summary": {"covered_lines": 0, "num_statements": 7, "percent_covered": 0.0, "percent_covered_display": "0", "missing_lines": 7, "excluded_lines": 0}, "missing_lines": [1293, 1295, 1297, 1298, 1300, 1301, 1302], "excluded_lines": []}, "TransactionManager.get_flashloan_contract_info": {"executed_lines": [], "summary": {"covered_lines": 0, "num_statements": 23, "percent_covered": 0.0, "percent_covered_display": "0", "missing_lines": 23, "excluded_lines": 0}, "missing_lines": [1316, 1317, 1318, 1320, 1321, 1322, 1325, 1330, 1338, 1340, 1343, 1346, 1347, 1350, 1351, 1356, 1357, 1359, 1360, 1362, 1364, 1365, 1366], "excluded_lines": []}, "TransactionManager.monitor_flashloan_execution": {"executed_lines": [], "summary": {"covered_lines": 0, "num_statements": 41, "percent_covered": 0.0, "percent_covered_display": "0", "missing_lines": 41, "excluded_lines": 0}, "missing_lines": [1386, 1387, 1390, 1391, 1393, 1394, 1395, 1398, 1399, 1400, 1401, 1402, 1404, 1405, 1410, 1422, 1423, 1424, 1425, 1430, 1431, 1432, 1435, 1436, 1437, 1440, 1441, 1442, 1445, 1446, 1449, 1450, 1451, 1452, 1457, 1458, 1460, 1463, 1465, 1466, 1467], "excluded_lines": []}, "TransactionManager._parse_flashloan_events": {"executed_lines": [], "summary": {"covered_lines": 0, "num_statements": 21, "percent_covered": 0.0, "percent_covered_display": "0", "missing_lines": 21, "excluded_lines": 0}, "missing_lines": [1482, 1484, 1485, 1486, 1488, 1489, 1490, 1493, 1499, 1500, 1502, 1503, 1511, 1513, 1514, 1515, 1518, 1519, 1521, 1522, 1524], "excluded_lines": []}, "TransactionManager.recover_failed_flashloan": {"executed_lines": [], "summary": {"covered_lines": 0, "num_statements": 35, "percent_covered": 0.0, "percent_covered_display": "0", "missing_lines": 35, "excluded_lines": 0}, "missing_lines": [1539, 1540, 1543, 1544, 1547, 1548, 1553, 1561, 1562, 1565, 1566, 1567, 1569, 1570, 1571, 1574, 1575, 1577, 1580, 1581, 1585, 1586, 1587, 1589, 1590, 1593, 1594, 1595, 1596, 1597, 1599, 1600, 1602, 1603, 1604], "excluded_lines": []}, "TransactionManager._cleanup_failed_flashloan": {"executed_lines": [], "summary": {"covered_lines": 0, "num_statements": 22, "percent_covered": 0.0, "percent_covered_display": "0", "missing_lines": 22, "excluded_lines": 0}, "missing_lines": [1613, 1615, 1616, 1618, 1619, 1621, 1622, 1623, 1626, 1627, 1628, 1631, 1635, 1636, 1641, 1646, 1652, 1653, 1655, 1656, 1658, 1659], "excluded_lines": []}, "TransactionManager.validate_contract_integration": {"executed_lines": [], "summary": {"covered_lines": 0, "num_statements": 40, "percent_covered": 0.0, "percent_covered_display": "0", "missing_lines": 40, "excluded_lines": 0}, "missing_lines": [1672, 1683, 1685, 1686, 1689, 1690, 1692, 1693, 1695, 1696, 1699, 1700, 1701, 1702, 1703, 1706, 1707, 1710, 1713, 1714, 1715, 1716, 1717, 1718, 1721, 1726, 1727, 1730, 1731, 1732, 1735, 1736, 1737, 1741, 1742, 1743, 1745, 1747, 1748, 1749], "excluded_lines": []}, "TransactionManager.test_flashloan_readiness": {"executed_lines": [], "summary": {"covered_lines": 0, "num_statements": 34, "percent_covered": 0.0, "percent_covered_display": "0", "missing_lines": 34, "excluded_lines": 0}, "missing_lines": [1763, 1765, 1766, 1770, 1772, 1774, 1783, 1784, 1787, 1792, 1793, 1796, 1797, 1800, 1804, 1805, 1808, 1809, 1810, 1811, 1813, 1815, 1821, 1823, 1824, 1827, 1830, 1831, 1833, 1837, 1840, 1842, 1843, 1844], "excluded_lines": []}, "TransactionManager.get_integration_status": {"executed_lines": [], "summary": {"covered_lines": 0, "num_statements": 19, "percent_covered": 0.0, "percent_covered_display": "0", "missing_lines": 19, "excluded_lines": 0}, "missing_lines": [1853, 1854, 1887, 1888, 1889, 1890, 1891, 1892, 1895, 1896, 1897, 1898, 1899, 1902, 1903, 1907, 1909, 1910, 1911], "excluded_lines": []}, "TransactionManager.emergency_stop": {"executed_lines": [], "summary": {"covered_lines": 0, "num_statements": 25, "percent_covered": 0.0, "percent_covered_display": "0", "missing_lines": 25, "excluded_lines": 0}, "missing_lines": [1924, 1925, 1927, 1935, 1936, 1937, 1938, 1939, 1940, 1941, 1944, 1945, 1946, 1949, 1950, 1951, 1958, 1959, 1960, 1962, 1963, 1964, 1966, 1967, 1968], "excluded_lines": []}, "": {"executed_lines": [5, 19, 21, 22, 23, 24, 37, 38, 39, 40, 41, 43, 44, 45, 46, 47, 50, 53, 56, 57, 62, 63, 64, 66, 129, 164, 272, 280, 290, 406, 439, 450, 464, 537, 590, 650, 775, 868, 920, 934, 950, 971, 990, 1012, 1039, 1055, 1090, 1123, 1162, 1219, 1283, 1304, 1372, 1469, 1526, 1606, 1665, 1751, 1846, 1917], "summary": {"covered_lines": 57, "num_statements": 57, "percent_covered": 100.0, "percent_covered_display": "100", "missing_lines": 0, "excluded_lines": 2}, "missing_lines": [], "excluded_lines": [50, 51]}}, "classes": {"TransactionManager": {"executed_lines": [82, 83, 84, 86, 87, 88, 89, 90, 91, 92, 93, 98, 99, 101, 125, 127, 131, 134, 135, 140, 141, 142, 476, 478, 479, 482, 485, 493, 494, 495, 500, 501, 502, 503, 512, 515], "summary": {"covered_lines": 36, "num_statements": 805, "percent_covered": 4.472049689440993, "percent_covered_display": "4", "missing_lines": 769, "excluded_lines": 0}, "missing_lines": [103, 104, 105, 110, 111, 112, 117, 120, 121, 136, 137, 138, 139, 145, 146, 147, 148, 149, 150, 153, 154, 159, 160, 162, 177, 178, 179, 180, 181, 182, 183, 186, 187, 188, 191, 192, 193, 194, 197, 198, 199, 202, 209, 210, 213, 214, 216, 217, 218, 219, 220, 221, 222, 223, 225, 226, 227, 228, 229, 231, 233, 234, 235, 237, 238, 241, 242, 243, 244, 245, 246, 247, 248, 249, 250, 251, 254, 255, 256, 257, 258, 259, 260, 265, 267, 268, 270, 274, 275, 276, 277, 278, 282, 283, 284, 285, 286, 287, 288, 295, 296, 297, 298, 299, 300, 302, 306, 307, 312, 313, 314, 315, 316, 317, 318, 319, 321, 322, 323, 324, 326, 327, 328, 329, 330, 331, 335, 336, 337, 338, 339, 340, 342, 343, 344, 345, 351, 352, 357, 360, 361, 375, 376, 378, 379, 380, 381, 382, 385, 387, 389, 393, 394, 399, 400, 401, 404, 410, 411, 413, 414, 415, 416, 419, 420, 421, 424, 425, 428, 429, 430, 431, 432, 433, 434, 435, 441, 442, 447, 448, 452, 453, 455, 458, 459, 460, 461, 462, 496, 497, 504, 509, 510, 517, 518, 519, 522, 528, 529, 530, 531, 532, 533, 535, 554, 556, 559, 560, 561, 562, 564, 567, 568, 570, 573, 574, 575, 578, 579, 581, 584, 586, 587, 588, 600, 602, 603, 606, 607, 610, 611, 612, 613, 616, 617, 618, 619, 621, 638, 639, 640, 644, 646, 647, 648, 669, 671, 672, 673, 674, 676, 677, 681, 686, 687, 692, 693, 694, 696, 697, 698, 699, 702, 703, 706, 707, 710, 711, 714, 715, 720, 721, 722, 724, 727, 728, 733, 736, 737, 741, 742, 744, 745, 750, 751, 754, 756, 769, 770, 771, 772, 773, 792, 793, 794, 796, 797, 798, 799, 800, 802, 807, 812, 817, 820, 826, 827, 830, 833, 834, 835, 846, 847, 849, 850, 852, 853, 855, 856, 857, 862, 863, 864, 865, 866, 889, 890, 893, 901, 902, 903, 906, 907, 908, 911, 913, 914, 916, 917, 918, 922, 923, 924, 925, 926, 927, 928, 929, 930, 931, 932, 936, 937, 938, 939, 946, 947, 948, 952, 953, 954, 955, 956, 957, 958, 959, 960, 961, 967, 968, 969, 975, 980, 981, 982, 983, 984, 985, 986, 987, 988, 992, 993, 994, 995, 996, 998, 1007, 1008, 1009, 1010, 1016, 1017, 1018, 1019, 1021, 1022, 1023, 1025, 1026, 1027, 1028, 1029, 1030, 1032, 1033, 1036, 1037, 1041, 1042, 1043, 1044, 1045, 1046, 1049, 1052, 1053, 1057, 1060, 1061, 1062, 1064, 1065, 1067, 1068, 1069, 1071, 1072, 1073, 1074, 1077, 1078, 1079, 1084, 1097, 1099, 1102, 1104, 1105, 1106, 1107, 1110, 1111, 1112, 1117, 1118, 1120, 1121, 1130, 1131, 1132, 1137, 1138, 1139, 1150, 1155, 1156, 1157, 1159, 1160, 1173, 1181, 1182, 1183, 1185, 1186, 1187, 1188, 1197, 1199, 1200, 1201, 1208, 1209, 1211, 1212, 1213, 1215, 1216, 1217, 1229, 1230, 1233, 1234, 1236, 1237, 1242, 1243, 1244, 1249, 1252, 1253, 1258, 1260, 1268, 1271, 1272, 1276, 1278, 1279, 1280, 1281, 1293, 1295, 1297, 1298, 1300, 1301, 1302, 1316, 1317, 1318, 1320, 1321, 1322, 1325, 1330, 1338, 1340, 1343, 1346, 1347, 1350, 1351, 1356, 1357, 1359, 1360, 1362, 1364, 1365, 1366, 1386, 1387, 1390, 1391, 1393, 1394, 1395, 1398, 1399, 1400, 1401, 1402, 1404, 1405, 1410, 1422, 1423, 1424, 1425, 1430, 1431, 1432, 1435, 1436, 1437, 1440, 1441, 1442, 1445, 1446, 1449, 1450, 1451, 1452, 1457, 1458, 1460, 1463, 1465, 1466, 1467, 1482, 1484, 1485, 1486, 1488, 1489, 1490, 1493, 1499, 1500, 1502, 1503, 1511, 1513, 1514, 1515, 1518, 1519, 1521, 1522, 1524, 1539, 1540, 1543, 1544, 1547, 1548, 1553, 1561, 1562, 1565, 1566, 1567, 1569, 1570, 1571, 1574, 1575, 1577, 1580, 1581, 1585, 1586, 1587, 1589, 1590, 1593, 1594, 1595, 1596, 1597, 1599, 1600, 1602, 1603, 1604, 1613, 1615, 1616, 1618, 1619, 1621, 1622, 1623, 1626, 1627, 1628, 1631, 1635, 1636, 1641, 1646, 1652, 1653, 1655, 1656, 1658, 1659, 1672, 1683, 1685, 1686, 1689, 1690, 1692, 1693, 1695, 1696, 1699, 1700, 1701, 1702, 1703, 1706, 1707, 1710, 1713, 1714, 1715, 1716, 1717, 1718, 1721, 1726, 1727, 1730, 1731, 1732, 1735, 1736, 1737, 1741, 1742, 1743, 1745, 1747, 1748, 1749, 1763, 1765, 1766, 1770, 1772, 1774, 1783, 1784, 1787, 1792, 1793, 1796, 1797, 1800, 1804, 1805, 1808, 1809, 1810, 1811, 1813, 1815, 1821, 1823, 1824, 1827, 1830, 1831, 1833, 1837, 1840, 1842, 1843, 1844, 1853, 1854, 1887, 1888, 1889, 1890, 1891, 1892, 1895, 1896, 1897, 1898, 1899, 1902, 1903, 1907, 1909, 1910, 1911, 1924, 1925, 1927, 1935, 1936, 1937, 1938, 1939, 1940, 1941, 1944, 1945, 1946, 1949, 1950, 1951, 1958, 1959, 1960, 1962, 1963, 1964, 1966, 1967, 1968], "excluded_lines": []}, "": {"
[...]
t_covered_display": "100", "missing_lines": 0, "excluded_lines": 0}, "missing_lines": [], "excluded_lines": []}}, "classes": {"Container": {"executed_lines": [31, 32, 33, 34, 35, 39, 40, 44, 45, 49, 50, 51, 55, 63, 64, 65, 67, 68, 70, 71, 72, 73, 74, 75, 78, 79, 80, 81, 82, 85, 86, 88, 89, 91, 92, 94, 96, 97, 99, 101, 105, 106, 107, 108, 112, 120, 124, 125, 126, 129, 130, 131, 132, 136, 137, 138, 139, 140, 142, 144, 147, 148, 150, 154, 156, 157, 158, 159, 161, 162, 165, 166, 167, 168, 170, 171, 172, 173], "summary": {"covered_lines": 78, "num_statements": 78, "percent_covered": 100.0, "percent_covered_display": "100", "missing_lines": 0, "excluded_lines": 0}, "missing_lines": [], "excluded_lines": []}, "": {"executed_lines": [4, 12, 14, 15, 17, 19, 21, 24, 25, 30, 37, 42, 47, 53, 57, 103, 110, 114, 152, 177, 180, 182], "summary": {"covered_lines": 20, "num_statements": 20, "percent_covered": 100.0, "percent_covered_display": "100", "missing_lines": 0, "excluded_lines": 0}, "missing_lines": [], "excluded_lines": []}}}, "src/on1builder/utils/custom_exceptions.py": {"executed_lines": [4, 17, 18, 19, 20, 23, 24, 26, 35, 36, 37, 38, 39, 40, 41, 42, 44, 45, 53, 55, 57, 70, 72, 74, 76, 78, 79, 80, 81, 82, 83, 84, 85, 86, 87, 89, 92, 93, 95, 98, 99, 101, 104, 105, 107], "summary": {"covered_lines": 40, "num_statements": 40, "percent_covered": 100.0, "percent_covered_display": "100", "missing_lines": 0, "excluded_lines": 0}, "missing_lines": [], "excluded_lines": [], "functions": {"StrategyExecutionError.__init__": {"executed_lines": [35, 36, 37, 38, 39, 40, 41, 42, 44, 45, 53], "summary": {"covered_lines": 11, "num_statements": 11, "percent_covered": 100.0, "percent_covered_display": "100", "missing_lines": 0, "excluded_lines": 0}, "missing_lines": [], "excluded_lines": []}, "StrategyExecutionError.to_dict": {"executed_lines": [57], "summary": {"covered_lines": 1, "num_statements": 1, "percent_covered": 100.0, "percent_covered_display": "100", "missing_lines": 0, "excluded_lines": 0}, "missing_lines": [], "excluded_lines": []}, "StrategyExecutionError.to_json": {"executed_lines": [72], "summary": {"covered_lines": 1, "num_statements": 1, "percent_covered": 100.0, "percent_covered_display": "100", "missing_lines": 0, "excluded_lines": 0}, "missing_lines": [], "excluded_lines": []}, "StrategyExecutionError.__str__": {"executed_lines": [76, 78, 79, 80, 81, 82, 83, 84, 85, 86, 87, 89], "summary": {"covered_lines": 12, "num_statements": 12, "percent_covered": 100.0, "percent_covered_display": "100", "missing_lines": 0, "excluded_lines": 0}, "missing_lines": [], "excluded_lines": []}, "": {"executed_lines": [4, 17, 18, 19, 20, 23, 24, 26, 55, 70, 74, 92, 93, 95, 98, 99, 101, 104, 105, 107], "summary": {"covered_lines": 15, "num_statements": 15, "percent_covered": 100.0, "percent_covered_display": "100", "missing_lines": 0, "excluded_lines": 0}, "missing_lines": [], "excluded_lines": []}}, "classes": {"StrategyExecutionError": {"executed_lines": [35, 36, 37, 38, 39, 40, 41, 42, 44, 45, 53, 57, 72, 76, 78, 79, 80, 81, 82, 83, 84, 85, 86, 87, 89], "summary": {"covered_lines": 25, "num_statements": 25, "percent_covered": 100.0, "percent_covered_display": "100", "missing_lines": 0, "excluded_lines": 0}, "missing_lines": [], "excluded_lines": []}, "ConfigurationError": {"executed_lines": [], "summary": {"covered_lines": 0, "num_statements": 0, "percent_covered": 100.0, "percent_covered_display": "100", "missing_lines": 0, "excluded_lines": 0}, "missing_lines": [], "excluded_lines": []}, "ChainConnectionError": {"executed_lines": [], "summary": {"covered_lines": 0, "num_statements": 0, "percent_covered": 100.0, "percent_covered_display": "100", "missing_lines": 0, "excluded_lines": 0}, "missing_lines": [], "excluded_lines": []}, "TransactionError": {"executed_lines": [], "summary": {"covered_lines": 0, "num_statements": 0, "percent_covered": 100.0, "percent_covered_display": "100", "missing_lines": 0, "excluded_lines": 0}, "missing_lines": [], "excluded_lines": []}, "": {"executed_lines": [4, 17, 18, 19, 20, 23, 24, 26, 55, 70, 74, 92, 93, 95, 98, 99, 101, 104, 105, 107], "summary": {"covered_lines": 15, "num_statements": 15, "percent_covered": 100.0, "percent_covered_display": "100", "missing_lines": 0, "excluded_lines": 0}, "missing_lines": [], "excluded_lines": []}}}, "src/on1builder/utils/logging_config.py": {"executed_lines": [4, 17, 18, 19, 20, 21, 22, 23, 26, 27, 29, 34, 41, 42, 45, 46, 48, 49, 58, 59, 60, 64, 90, 96, 97, 100, 103, 106, 111, 112, 113, 116, 117, 118, 120, 123, 124, 126, 133, 135, 140, 141, 143, 144, 146, 148, 149, 150, 152, 154, 155, 156, 157, 158, 161, 182, 183, 184, 186, 187, 194, 195, 198, 201, 202, 204, 207, 208, 211, 212, 215, 216, 218, 219, 220, 221, 233, 238, 239, 242, 243, 244, 247, 248, 250, 251, 253, 256, 263, 266, 267, 270, 271, 273, 276, 285, 286, 287, 290, 293, 305, 306, 307], "summary": {"covered_lines": 100, "num_statements": 107, "percent_covered": 93.45794392523365, "percent_covered_display": "93", "missing_lines": 7, "excluded_lines": 0}, "missing_lines": [30, 31, 61, 189, 190, 191, 254], "excluded_lines": [], "functions": {"JsonFormatter.format": {"executed_lines": [49, 58, 59, 60, 64, 90, 96, 97, 100, 103, 106, 111, 112, 113, 116, 117, 118, 120], "summary": {"covered_lines": 18, "num_statements": 19, "percent_covered": 94.73684210526316, "percent_covered_display": "95", "missing_lines": 1, "excluded_lines": 0}, "missing_lines": [61], "excluded_lines": []}, "StructuredLoggerAdapter.__init__": {"executed_lines": [133], "summary": {"covered_lines": 1, "num_statements": 1, "percent_covered": 100.0, "percent_covered_display": "100", "missing_lines": 0, "excluded_lines": 0}, "missing_lines": [], "excluded_lines": []}, "StructuredLoggerAdapter.process": {"executed_lines": [140, 141, 143, 144], "summary": {"covered_lines": 4, "num_statements": 4, "percent_covered": 100.0, "percent_covered_display": "100", "missing_lines": 0, "excluded_lines": 0}, "missing_lines": [], "excluded_lines": []}, "StructuredLoggerAdapter.bind": {"executed_lines": [148, 149, 150], "summary": {"covered_lines": 3, "num_statements": 3, "percent_covered": 100.0, "percent_covered_display": "100", "missing_lines": 0, "excluded_lines": 0}, "missing_lines": [], "excluded_lines": []}, "StructuredLoggerAdapter.unbind": {"executed_lines": [154, 155, 156, 157, 158], "summary": {"covered_lines": 5, "num_statements": 5, "percent_covered": 100.0, "percent_covered_display": "100", "missing_lines": 0, "excluded_lines": 0}, "missing_lines": [], "excluded_lines": []}, "setup_logging": {"executed_lines": [182, 183, 184, 186, 187, 194, 195, 198, 201, 202, 204, 207, 208, 211, 212, 215, 216, 218, 219, 220, 221, 233, 238, 239, 242, 243, 244, 247, 248, 250, 251, 253, 256, 263, 266, 267, 270, 271, 273], "summary": {"covered_lines": 39, "num_statements": 43, "percent_covered": 90.69767441860465, "percent_covered_display": "91", "missing_lines": 4, "excluded_lines": 0}, "missing_lines": [189, 190, 191, 254], "excluded_lines": []}, "get_logger": {"executed_lines": [285, 286, 287, 290], "summary": {"covered_lines": 4, "num_statements": 4, "percent_covered": 100.0, "percent_covered_display": "100", "missing_lines": 0, "excluded_lines": 0}, "missing_lines": [], "excluded_lines": []}, "bind_logger_context": {"executed_lines": [305, 306, 307], "summary": {"covered_lines": 3, "num_statements": 3, "percent_covered": 100.0, "percent_covered_display": "100", "missing_lines": 0, "excluded_lines": 0}, "missing_lines": [], "excluded_lines": []}, "": {"executed_lines": [4, 17, 18, 19, 20, 21, 22, 23, 26, 27, 29, 34, 41, 42, 45, 46, 48, 123, 124, 126, 135, 146, 152, 161, 276, 293], "summary": {"covered_lines": 23, "num_statements": 25, "percent_covered": 92.0, "percent_covered_display": "92", "missing_lines": 2, "excluded_lines": 0}, "missing_lines": [30, 31], "excluded_lines": []}}, "classes": {"JsonFormatter": {"executed_lines": [49, 58, 59, 60, 64, 90, 96, 97, 100, 103, 106, 111, 112, 113, 116, 117, 118, 120], "summary": {"covered_lines": 18, "num_statements": 19, "percent_covered": 94.73684210526316, "percent_covered_display": "95", "missing_lines": 1, "excluded_lines": 0}, "missing_lines": [61], "excluded_lines": []}, "StructuredLoggerAdapter": {"executed_lines": [133, 140, 141, 143, 144, 148, 149, 150, 154, 155, 156, 157, 158], "summary": {"covered_lines": 13, "num_statements": 13, "percent_covered": 100.0, "percent_covered_display": "100", "missing_lines": 0, "excluded_lines": 0}, "missing_lines": [], "excluded_lines": []}, "": {"executed_lines": [4, 17, 18, 19, 20, 21, 22, 23, 26, 27, 29, 34, 41, 42, 45, 46, 48, 123, 124, 126, 135, 146, 152, 161, 182, 183, 184, 186, 187, 194, 195, 198, 201, 202, 204, 207, 208, 211, 212, 215, 216, 218, 219, 220, 221, 233, 238, 239, 242, 243, 244, 247, 248, 250, 251, 253, 256, 263, 266, 267, 270, 271, 273, 276, 285, 286, 287, 290, 293, 305, 306, 307], "summary": {"covered_lines": 69, "num_statements": 75, "percent_covered": 92.0, "percent_covered_display": "92", "missing_lines": 6, "excluded_lines": 0}, "missing_lines": [30, 31, 189, 190, 191, 254], "excluded_lines": []}}}, "src/on1builder/utils/notification_service.py": {"executed_lines": [4, 17, 18, 19, 20, 21, 22, 24, 25, 27, 29, 32, 35, 36, 46, 77, 182, 193, 233, 251, 258, 331, 380, 430, 503, 517, 520, 543], "summary": {"covered_lines": 26, "num_statements": 222, "percent_covered": 11.711711711711711, "percent_covered_display": "12", "missing_lines": 196, "excluded_lines": 0}, "missing_lines": [54, 60, 61, 63, 64, 65, 66, 67, 68, 75, 80, 81, 84, 85, 86, 89, 90, 93, 94, 95, 98, 99, 102, 105, 108, 111, 115, 116, 117, 118, 119, 120, 122, 135, 138, 139, 144, 148, 149, 158, 161, 162, 168, 169, 170, 173, 176, 177, 178, 179, 180, 184, 185, 187, 190, 191, 210, 211, 214, 217, 218, 219, 220, 222, 225, 226, 229, 230, 231, 249, 253, 254, 255, 256, 272, 273, 276, 277, 278, 279, 280, 281, 282, 285, 286, 287, 288, 289, 290, 291, 298, 299, 307, 318, 319, 320, 321, 322, 325, 326, 327, 328, 329, 345, 346, 348, 350, 351, 352, 353, 356, 357, 358, 359, 360, 361, 362, 363, 364, 365, 367, 370, 371, 372, 373, 374, 375, 376, 377, 378, 394, 395, 398, 399, 400, 401, 402, 403, 404, 405, 406, 407, 410, 411, 417, 418, 419, 420, 421, 424, 425, 426, 427, 428, 444, 445, 448, 449, 450, 451, 452, 453, 454, 457, 458, 459, 460, 461, 462, 463, 470, 471, 479, 490, 491, 492, 493, 494, 497, 498, 499, 500, 501, 506, 507, 508, 509, 510, 511, 513, 534, 537, 538, 540, 557, 558], "excluded_lines": [], "functions": {"NotificationService.__init__": {"executed_lines": [], "summary": {"covered_lines": 0, "num_statements": 10, "percent_covered": 0.0, "percent_covered_display": "0", "missing_lines": 10, "excluded_lines": 0}, "missing_lines": [54, 60, 61, 63, 64, 65, 66, 67, 68, 75], "excluded_lines": []}, "NotificationService._initialize_channels": {"executed_lines": [], "summary": {"covered_lines": 0, "num_statements": 41, "percent_covered": 0.0, "percent_covered_display": "0", "missing_lines": 41, "excluded_lines": 0}, "missing_lines": [80, 81, 84, 85, 86, 89, 90, 93, 94, 95, 98, 99, 102, 105, 108, 111, 115, 116, 117, 118, 119, 120, 122, 135, 138, 139, 144, 148, 149, 158, 161, 162, 168, 169, 170, 173, 176, 177, 178, 179, 180], "excluded_lines": []}, "NotificationService._should_send": {"executed_lines": [], "summary": {"covered_lines": 0, "num_statements": 5, "percent_covered": 0.0, "percent_covered_display": "0", "missing_lines": 5, "excluded_lines": 0}, "missing_lines": [184, 185, 187, 190, 191], "excluded_lines": []}, "NotificationService.send_notification": {"executed_lines": [], "summary": {"covered_lines": 0, "num_statements": 13, "percent_covered": 0.0, "percent_covered_display": "0", "missing_lines": 13, "excluded_lines": 0}, "missing_lines": [210, 211, 214, 217, 218, 219, 220, 222, 225, 226, 229, 230, 231], "excluded_lines": []}, "NotificationService.send_alert": {"executed_lines": [], "summary": {"covered_lines": 0, "num_statements": 1, "percent_covered": 0.0, "percent_covered_display": "0", "missing_lines": 1, "excluded_lines": 0}, "missing_lines": [249], "excluded_lines": []}, "NotificationService._get_session": {"executed_lines": [], "summary": {"covered_lines": 0, "num_statements": 4, "percent_covered": 0.0, "percent_covered_display": "0", "missing_lines": 4, "excluded_lines": 0}, "missing_lines": [253, 254, 255, 256], "excluded_lines": []}, "NotificationService._send_slack": {"executed_lines": [], "summary": {"covered_lines": 0, "num_statements": 29, "percent_covered": 0.0, "percent_covered_display": "0", "missing_lines": 29, "excluded_lines": 0}, "missing_lines": [272, 273, 276, 277, 278, 279, 280, 281, 282, 285, 286, 287, 288, 289, 290, 291, 298, 299, 307, 318, 319, 320, 321, 322, 325, 326, 327, 328, 329], "excluded_lines": []}, "NotificationService._send_email": {"executed_lines": [], "summary": {"covered_lines": 0, "num_statements": 27, "percent_covered": 0.0, "percent_covered_display": "0", "missing_lines": 27, "excluded_lines": 0}, "missing_lines": [345, 346, 348, 350, 351, 352, 353, 356, 357, 358, 359, 360, 361, 362, 363, 364, 365, 367, 370, 371, 372, 373, 374, 375, 376, 377, 378], "excluded_lines": []}, "NotificationService._send_telegram": {"executed_lines": [], "summary": {"covered_lines": 0, "num_statements": 24, "percent_covered": 0.0, "percent_covered_display": "0", "missing_lines": 24, "excluded_lines": 0}, "missing_lines": [394, 395, 398, 399, 400, 401, 402, 403, 404, 405, 406, 407, 410, 411, 417, 418, 419, 420, 421, 424, 425, 426, 427, 428], "excluded_lines": []}, "NotificationService._send_discord": {"executed_lines": [], "summary": {"covered_lines": 0, "num_statements": 29, "percent_covered": 0.0, "percent_covered_display": "0", "missing_lines": 29, "excluded_lines": 0}, "missing_lines": [444, 445, 448, 449, 450, 451, 452, 453, 454, 457, 458, 459, 460, 461, 462, 463, 470, 471, 479, 490, 491, 492, 493, 494, 497, 498, 499, 500, 501], "excluded_lines": []}, "NotificationService.stop": {"executed_lines": [], "summary": {"covered_lines": 0, "num_statements": 7, "percent_covered": 0.0, "percent_covered_display": "0", "missing_lines": 7, "excluded_lines": 0}, "missing_lines": [506, 507, 508, 509, 510, 511, 513], "excluded_lines": []}, "get_notification_manager": {"executed_lines": [], "summary": {"covered_lines": 0, "num_statements": 4, "percent_covered": 0.0, "percent_covered_display": "0", "missing_lines": 4, "excluded_lines": 0}, "missing_lines": [534, 537, 538, 540], "excluded_lines": []}, "send_alert": {"executed_lines": [], "summary": {"covered_lines": 0, "num_statements": 2, "percent_covered": 0.0, "percent_covered_display": "0", "missing_lines": 2, "excluded_lines": 0}, "missing_lines": [557, 558], "excluded_lines": []}, "": {"executed_lines": [4, 17, 18, 19, 20, 21, 22, 24, 25, 27, 29, 32, 35, 36, 46, 77, 182, 193, 233, 251, 258, 331, 380, 430, 503, 517, 520, 543], "summary": {"covered_lines": 26, "num_statements": 26, "percent_covered": 100.0, "percent_covered_display": "100", "missing_lines": 0, "excluded_lines": 0}, "missing_lines": [], "excluded_lines": []}}, "classes": {"NotificationService": {"executed_lines": [], "summary": {"covered_lines": 0, "num_statements": 190, "percent_covered": 0.0, "percent_covered_display": "0", "missing_lines": 190, "excluded_lines": 0}, "missing_lines": [54, 60, 61, 63, 64, 65, 66, 67, 68, 75, 80, 81, 84, 85, 86, 89, 90, 93, 94, 95, 98, 99, 102, 105, 108, 111, 115, 116, 117, 118, 119, 120, 122, 135, 138, 139, 144, 148, 149, 158, 161, 162, 168, 169, 170, 173, 176, 177, 178, 179, 180, 184, 185, 187, 190, 191, 210, 211, 214, 217, 218, 219, 220, 222, 225, 226, 229, 230, 231, 249, 253, 254, 255, 256, 272, 273, 276, 277, 278, 279, 280, 281, 282, 285, 286, 287, 288, 289, 290, 291, 298, 299, 307, 318, 319, 320, 321, 322, 325, 326, 327, 328, 329, 345, 346, 348, 350, 351, 352, 353, 356, 357, 358, 359, 360, 361, 362, 363, 364, 365, 367, 370, 371, 372, 373, 374, 375, 376, 377, 378, 394, 395, 398, 399, 400, 401, 402, 403, 404, 405, 406, 407, 410, 411, 417, 418, 419, 420, 421, 424, 425, 426, 427, 428, 444, 445, 448, 449, 450, 451, 452, 453, 454, 457, 458, 459, 460, 461, 462, 463, 470, 471, 479, 490, 491, 492, 493, 494, 497, 498, 499, 500, 501, 506, 507, 508, 509, 510, 511, 513], "excluded_lines": []}, "": {"executed_lines": [4, 17, 18, 19, 20, 21, 22, 24, 25, 27, 29, 32, 35, 36, 46, 77, 182, 193, 233, 251, 258, 331, 380, 430, 503, 517, 520, 543], "summary": {"covered_lines": 26, "num_statements": 32, "percent_covered": 81.25, "percent_covered_display": "81", "missing_lines": 6, "excluded_lines": 0}, "missing_lines": [534, 537, 538, 540, 557, 558], "excluded_lines": []}}}, "src/on1builder/utils/path_helpers.py": {"executed_lines": [1, 5, 8, 10, 13, 18, 20, 23, 33, 36, 43, 48, 53, 58], "summary": {"covered_lines": 13, "num_statements": 25, "percent_covered": 52.0, "percent_covered_display": "52", "missing_lines": 12, "excluded_lines": 0}, "missing_lines": [15, 38, 39, 40, 45, 50, 55, 60, 61, 63, 64, 66], "excluded_lines": [], "functions": {"get_base_dir": {"executed_lines": [10], "summary": {"covered_lines": 1, "num_statements": 1, "percent_covered": 100.0, "percent_covered_display": "100", "missing_lines": 0, "excluded_lines": 0}, "missing_lines": [], "excluded_lines": []}, "get_config_dir": {"executed_lines": [], "summary": {"covered_lines": 0, "num_statements": 1, "percent_covered": 0.0, "percent_covered_display": "0", "missing_lines": 1, "excluded_lines": 0}, "missing_lines": [15], "excluded_lines": []}, "get_resource_dir": {"executed_lines": [20], "summary": {"covered_lines": 1, "num_statements": 1, "percent_covered": 100.0, "percent_covered_display": "100", "missing_lines": 0, "excluded_lines": 0}, "missing_lines": [], "excluded_lines": []}, "get_resource_path": {"executed_lines": [33], "summary": {"covered_lines": 1, "num_statements": 1, "percent_covered": 100.0, "percent_covered_display": "100", "missing_lines": 0, "excluded_lines": 0}, "missing_lines": [], "excluded_lines": []}, "get_abi_path": {"executed_lines": [], "summary": {"covered_lines": 0, "num_statements": 3, "percent_covered": 0.0, "percent_covered_display": "0", "missing_lines": 3, "excluded_lines": 0}, "missing_lines": [38, 39, 40], "excluded_lines": []}, "get_token_data_path": {"executed_lines": [], "summary": {"covered_lines": 0, "num_statements": 1, "percent_covered": 0.0, "percent_covered_display": "0", "missing_lines": 1, "excluded_lines": 0}, "missing_lines": [45], "excluded_lines": []}, "get_strategy_weights_path": {"executed_lines": [], "summary": {"covered_lines": 0, "num_statements": 1, "percent_covered": 0.0, "percent_covered_display": "0", "missing_lines": 1, "excluded_lines": 0}, "missing_lines": [50], "excluded_lines": []}, "get_chain_config_path": {"executed_lines": [], "summary": {"covered_lines": 0, "num_statements": 1, "percent_covered": 0.0, "percent_covered_display": "0", "missing_lines": 1, "excluded_lines": 0}, "missing_lines": [55], "excluded_lines": []}, "ensure_dir_exists": {"executed_lines": [], "summary": {"covered_lines": 0, "num_statements": 5, "percent_covered": 0.0, "percent_covered_display": "0", "missing_lines": 5, "excluded_lines": 0}, "missing_lines": [60, 61, 63, 64, 66], "excluded_lines": []}, "": {"executed_lines": [1, 5, 8, 13, 18, 23, 36, 43, 48, 53, 58], "summary": {"covered_lines": 10, "num_statements": 10, "percent_covered": 100.0, "percent_covered_display": "100", "missing_lines": 0, "excluded_lines": 0}, "missing_lines": [], "excluded_lines": []}}, "classes": {"": {"executed_lines": [1, 5, 8, 10, 13, 18, 20, 23, 33, 36, 43, 48, 53, 58], "summary": {"covered_lines": 13, "num_statements": 25, "percent_covered": 52.0, "percent_covered_display": "52", "missing_lines": 12, "excluded_lines": 0}, "missing_lines": [15, 38, 39, 40, 45, 50, 55, 60, 61, 63, 64, 66], "excluded_lines": []}}}}, "totals": {"covered_lines": 1942, "num_statements": 4867, "percent_covered": 39.90137661803986, "percent_covered_display": "40", "missing_lines": 2925, "excluded_lines": 16}}